mode: atomic
github.com/infraLinkit/mediaplatform-datasource/main.go:7.13,11.2 1 0
github.com/infraLinkit/mediaplatform-datasource/src/app/routes/dashboard.go:8.70,12.2 3 0
github.com/infraLinkit/mediaplatform-datasource/src/app/routes/internal.go:8.69,30.2 21 0
github.com/infraLinkit/mediaplatform-datasource/src/app/routes/management.go:10.71,20.2 9 0
github.com/infraLinkit/mediaplatform-datasource/src/app/routes/management.go:22.69,40.2 17 0
github.com/infraLinkit/mediaplatform-datasource/src/app/routes/management.go:42.76,46.2 3 0
github.com/infraLinkit/mediaplatform-datasource/src/app/routes/management.go:48.65,54.2 5 0
github.com/infraLinkit/mediaplatform-datasource/src/app/routes/management.go:56.65,61.2 4 0
github.com/infraLinkit/mediaplatform-datasource/src/app/routes/management.go:63.65,73.2 9 0
github.com/infraLinkit/mediaplatform-datasource/src/app/routes/management.go:75.68,80.2 4 0
github.com/infraLinkit/mediaplatform-datasource/src/app/routes/management.go:82.69,88.2 5 0
github.com/infraLinkit/mediaplatform-datasource/src/app/routes/management.go:90.75,158.2 56 0
github.com/infraLinkit/mediaplatform-datasource/src/app/routes/management.go:160.68,165.2 4 0
github.com/infraLinkit/mediaplatform-datasource/src/app/routes/postback.go:9.69,14.2 4 0
github.com/infraLinkit/mediaplatform-datasource/src/app/routes/report.go:8.67,33.2 24 0
github.com/infraLinkit/mediaplatform-datasource/src/domain/entity/alertreport.go:160.37,162.2 1 0
github.com/infraLinkit/mediaplatform-datasource/src/domain/entity/alertreport.go:163.37,165.2 1 0
github.com/infraLinkit/mediaplatform-datasource/src/domain/entity/alertreport.go:166.42,168.2 1 0
github.com/infraLinkit/mediaplatform-datasource/src/domain/entity/alertreport.go:169.40,171.2 1 0
github.com/infraLinkit/mediaplatform-datasource/src/domain/entity/apireport.go:320.75,335.40 10 0
github.com/infraLinkit/mediaplatform-datasource/src/domain/entity/apireport.go:335.40,337.3 1 0
github.com/infraLinkit/mediaplatform-datasource/src/domain/entity/apireport.go:339.2,340.26 2 0
github.com/infraLinkit/mediaplatform-datasource/src/domain/entity/apireport.go:340.26,342.3 1 0
github.com/infraLinkit/mediaplatform-datasource/src/domain/entity/apireport.go:342.8,344.3 1 0
github.com/infraLinkit/mediaplatform-datasource/src/domain/entity/apireport.go:346.2,362.13 2 0
github.com/infraLinkit/mediaplatform-datasource/src/domain/entity/apireport.go:365.49,369.19 3 0
github.com/infraLinkit/mediaplatform-datasource/src/domain/entity/apireport.go:369.19,371.3 1 0
github.com/infraLinkit/mediaplatform-datasource/src/domain/entity/apireport.go:371.8,373.3 1 0
github.com/infraLinkit/mediaplatform-datasource/src/domain/entity/apireport.go:375.2,375.33 1 0
github.com/infraLinkit/mediaplatform-datasource/src/domain/entity/apireport.go:378.65,379.22 1 0
github.com/infraLinkit/mediaplatform-datasource/src/domain/entity/apireport.go:379.22,383.22 4 0
github.com/infraLinkit/mediaplatform-datasource/src/domain/entity/apireport.go:383.22,385.4 1 0
github.com/infraLinkit/mediaplatform-datasource/src/domain/entity/apireport.go:389.75,391.19 1 0
github.com/infraLinkit/mediaplatform-datasource/src/domain/entity/apireport.go:391.19,395.3 1 0
github.com/infraLinkit/mediaplatform-datasource/src/domain/entity/apireport.go:395.8,395.28 1 0
github.com/infraLinkit/mediaplatform-datasource/src/domain/entity/apireport.go:395.28,399.3 1 0
github.com/infraLinkit/mediaplatform-datasource/src/domain/entity/apireport.go:399.8,399.28 1 0
github.com/infraLinkit/mediaplatform-datasource/src/domain/entity/apireport.go:399.28,403.3 1 0
github.com/infraLinkit/mediaplatform-datasource/src/domain/entity/apireport.go:403.8,403.29 1 0
github.com/infraLinkit/mediaplatform-datasource/src/domain/entity/apireport.go:403.29,407.3 1 0
github.com/infraLinkit/mediaplatform-datasource/src/domain/entity/apireport.go:407.8,411.3 1 0
github.com/infraLinkit/mediaplatform-datasource/src/domain/entity/apireport.go:414.92,418.26 3 0
github.com/infraLinkit/mediaplatform-datasource/src/domain/entity/apireport.go:418.26,420.3 1 0
github.com/infraLinkit/mediaplatform-datasource/src/domain/entity/apireport.go:420.8,422.3 1 0
github.com/infraLinkit/mediaplatform-datasource/src/domain/entity/apireport.go:424.2,438.40 13 0
github.com/infraLinkit/mediaplatform-datasource/src/domain/entity/apireport.go:438.40,440.3 1 0
github.com/infraLinkit/mediaplatform-datasource/src/domain/entity/apireport.go:442.2,461.13 2 0
github.com/infraLinkit/mediaplatform-datasource/src/domain/entity/apireport.go:464.80,466.19 1 0
github.com/infraLinkit/mediaplatform-datasource/src/domain/entity/apireport.go:466.19,470.3 1 0
github.com/infraLinkit/mediaplatform-datasource/src/domain/entity/apireport.go:470.8,470.28 1 0
github.com/infraLinkit/mediaplatform-datasource/src/domain/entity/apireport.go:470.28,474.3 1 0
github.com/infraLinkit/mediaplatform-datasource/src/domain/entity/apireport.go:474.8,474.28 1 0
github.com/infraLinkit/mediaplatform-datasource/src/domain/entity/apireport.go:474.28,478.3 1 0
github.com/infraLinkit/mediaplatform-datasource/src/domain/entity/apireport.go:478.8,478.29 1 0
github.com/infraLinkit/mediaplatform-datasource/src/domain/entity/apireport.go:478.29,482.3 1 0
github.com/infraLinkit/mediaplatform-datasource/src/domain/entity/apireport.go:482.8,486.3 1 0
github.com/infraLinkit/mediaplatform-datasource/src/domain/entity/apireport.go:489.82,492.32 2 0
github.com/infraLinkit/mediaplatform-datasource/src/domain/entity/apireport.go:492.32,495.3 2 0
github.com/infraLinkit/mediaplatform-datasource/src/domain/entity/apireport.go:497.2,497.38 1 0
github.com/infraLinkit/mediaplatform-datasource/src/domain/entity/apireport.go:497.38,500.3 2 0
github.com/infraLinkit/mediaplatform-datasource/src/domain/entity/apireport.go:502.2,534.13 2 0
github.com/infraLinkit/mediaplatform-datasource/src/domain/entity/base.go:79.36,83.2 2 0
github.com/infraLinkit/mediaplatform-datasource/src/domain/entity/campaignsummary.go:227.53,229.2 1 0
github.com/infraLinkit/mediaplatform-datasource/src/domain/entity/postback.go:32.53,49.2 3 0
github.com/infraLinkit/mediaplatform-datasource/src/domain/entity/postback.go:51.78,53.27 1 0
github.com/infraLinkit/mediaplatform-datasource/src/domain/entity/postback.go:53.27,57.3 1 0
github.com/infraLinkit/mediaplatform-datasource/src/domain/entity/postback.go:57.8,57.27 1 0
github.com/infraLinkit/mediaplatform-datasource/src/domain/entity/postback.go:57.27,61.3 1 0
github.com/infraLinkit/mediaplatform-datasource/src/domain/entity/postback.go:61.8,65.3 2 0
github.com/infraLinkit/mediaplatform-datasource/src/domain/entity/postback.go:68.55,86.2 3 0
github.com/infraLinkit/mediaplatform-datasource/src/domain/entity/postback.go:88.80,90.20 1 0
github.com/infraLinkit/mediaplatform-datasource/src/domain/entity/postback.go:90.20,94.3 1 0
github.com/infraLinkit/mediaplatform-datasource/src/domain/entity/postback.go:94.8,96.85 1 0
github.com/infraLinkit/mediaplatform-datasource/src/domain/entity/postback.go:96.85,98.4 1 0
github.com/infraLinkit/mediaplatform-datasource/src/domain/entity/postback.go:98.9,102.4 2 0
github.com/infraLinkit/mediaplatform-datasource/src/domain/repository/alert_report.go:12.107,19.11 2 0
github.com/infraLinkit/mediaplatform-datasource/src/domain/repository/alert_report.go:20.13,22.76 2 0
github.com/infraLinkit/mediaplatform-datasource/src/domain/repository/alert_report.go:22.76,24.18 2 0
github.com/infraLinkit/mediaplatform-datasource/src/domain/repository/alert_report.go:24.18,26.5 1 0
github.com/infraLinkit/mediaplatform-datasource/src/domain/repository/alert_report.go:27.4,27.41 1 0
github.com/infraLinkit/mediaplatform-datasource/src/domain/repository/alert_report.go:29.3,29.25 1 0
github.com/infraLinkit/mediaplatform-datasource/src/domain/repository/alert_report.go:30.14,31.84 1 0
github.com/infraLinkit/mediaplatform-datasource/src/domain/repository/alert_report.go:32.16,33.86 1 0
github.com/infraLinkit/mediaplatform-datasource/src/domain/repository/alert_report.go:34.20,35.96 1 0
github.com/infraLinkit/mediaplatform-datasource/src/domain/repository/alert_report.go:36.20,37.100 1 0
github.com/infraLinkit/mediaplatform-datasource/src/domain/repository/alert_report.go:38.10,39.36 1 0
github.com/infraLinkit/mediaplatform-datasource/src/domain/repository/alert_report.go:42.2,43.16 2 0
github.com/infraLinkit/mediaplatform-datasource/src/domain/repository/alert_report.go:43.16,46.3 2 0
github.com/infraLinkit/mediaplatform-datasource/src/domain/repository/alert_report.go:48.2,48.17 1 0
github.com/infraLinkit/mediaplatform-datasource/src/domain/repository/alert_report.go:48.17,50.3 1 0
github.com/infraLinkit/mediaplatform-datasource/src/domain/repository/alert_report.go:51.2,55.18 3 0
github.com/infraLinkit/mediaplatform-datasource/src/domain/repository/alert_report.go:55.18,59.3 3 0
github.com/infraLinkit/mediaplatform-datasource/src/domain/repository/alert_report.go:61.2,62.23 2 0
github.com/infraLinkit/mediaplatform-datasource/src/domain/repository/alert_report.go:66.101,67.26 1 0
github.com/infraLinkit/mediaplatform-datasource/src/domain/repository/alert_report.go:67.26,68.22 1 0
github.com/infraLinkit/mediaplatform-datasource/src/domain/repository/alert_report.go:68.22,70.4 1 0
github.com/infraLinkit/mediaplatform-datasource/src/domain/repository/alert_report.go:71.3,71.23 1 0
github.com/infraLinkit/mediaplatform-datasource/src/domain/repository/alert_report.go:71.23,73.4 1 0
github.com/infraLinkit/mediaplatform-datasource/src/domain/repository/alert_report.go:74.3,74.27 1 0
github.com/infraLinkit/mediaplatform-datasource/src/domain/repository/alert_report.go:74.27,76.4 1 0
github.com/infraLinkit/mediaplatform-datasource/src/domain/repository/alert_report.go:77.3,77.22 1 0
github.com/infraLinkit/mediaplatform-datasource/src/domain/repository/alert_report.go:77.22,79.4 1 0
github.com/infraLinkit/mediaplatform-datasource/src/domain/repository/alert_report.go:80.3,80.24 1 0
github.com/infraLinkit/mediaplatform-datasource/src/domain/repository/alert_report.go:80.24,81.40 1 0
github.com/infraLinkit/mediaplatform-datasource/src/domain/repository/alert_report.go:82.17,83.52 1 0
github.com/infraLinkit/mediaplatform-datasource/src/domain/repository/alert_report.go:84.21,85.94 1 0
github.com/infraLinkit/mediaplatform-datasource/src/domain/repository/alert_report.go:86.20,87.94 1 0
github.com/infraLinkit/mediaplatform-datasource/src/domain/repository/alert_report.go:88.21,89.95 1 0
github.com/infraLinkit/mediaplatform-datasource/src/domain/repository/alert_report.go:90.21,91.74 1 0
github.com/infraLinkit/mediaplatform-datasource/src/domain/repository/alert_report.go:92.22,93.160 1 0
github.com/infraLinkit/mediaplatform-datasource/src/domain/repository/alert_report.go:94.24,95.83 1 0
github.com/infraLinkit/mediaplatform-datasource/src/domain/repository/alert_report.go:96.12,97.57 1 0
github.com/infraLinkit/mediaplatform-datasource/src/domain/repository/alert_report.go:100.3,102.17 2 0
github.com/infraLinkit/mediaplatform-datasource/src/domain/repository/alert_report.go:102.17,104.4 1 0
github.com/infraLinkit/mediaplatform-datasource/src/domain/repository/alert_report.go:105.8,107.17 2 0
github.com/infraLinkit/mediaplatform-datasource/src/domain/repository/alert_report.go:107.17,109.4 1 0
github.com/infraLinkit/mediaplatform-datasource/src/domain/repository/alert_report.go:112.2,112.18 1 0
github.com/infraLinkit/mediaplatform-datasource/src/domain/repository/alert_report.go:115.85,118.11 2 0
github.com/infraLinkit/mediaplatform-datasource/src/domain/repository/alert_report.go:119.14,120.95 1 0
github.com/infraLinkit/mediaplatform-datasource/src/domain/repository/alert_report.go:121.16,122.95 1 0
github.com/infraLinkit/mediaplatform-datasource/src/domain/repository/alert_report.go:123.20,124.98 1 0
github.com/infraLinkit/mediaplatform-datasource/src/domain/repository/alert_report.go:125.20,126.100 1 0
github.com/infraLinkit/mediaplatform-datasource/src/domain/repository/alert_report.go:128.2,129.15 2 0
github.com/infraLinkit/mediaplatform-datasource/src/domain/repository/arpu_linkitdashboard.go:20.95,23.19 2 0
github.com/infraLinkit/mediaplatform-datasource/src/domain/repository/arpu_linkitdashboard.go:23.19,25.3 1 0
github.com/infraLinkit/mediaplatform-datasource/src/domain/repository/arpu_linkitdashboard.go:26.2,30.16 3 0
github.com/infraLinkit/mediaplatform-datasource/src/domain/repository/arpu_linkitdashboard.go:30.16,32.3 1 0
github.com/infraLinkit/mediaplatform-datasource/src/domain/repository/arpu_linkitdashboard.go:35.2,36.19 2 0
github.com/infraLinkit/mediaplatform-datasource/src/domain/repository/arpu_linkitdashboard.go:36.19,38.3 1 0
github.com/infraLinkit/mediaplatform-datasource/src/domain/repository/arpu_linkitdashboard.go:39.2,39.17 1 0
github.com/infraLinkit/mediaplatform-datasource/src/domain/repository/arpu_linkitdashboard.go:39.17,41.3 1 0
github.com/infraLinkit/mediaplatform-datasource/src/domain/repository/arpu_linkitdashboard.go:42.2,42.22 1 0
github.com/infraLinkit/mediaplatform-datasource/src/domain/repository/arpu_linkitdashboard.go:42.22,44.3 1 0
github.com/infraLinkit/mediaplatform-datasource/src/domain/repository/arpu_linkitdashboard.go:45.2,45.23 1 0
github.com/infraLinkit/mediaplatform-datasource/src/domain/repository/arpu_linkitdashboard.go:45.23,47.3 1 0
github.com/infraLinkit/mediaplatform-datasource/src/domain/repository/arpu_linkitdashboard.go:48.2,48.22 1 0
github.com/infraLinkit/mediaplatform-datasource/src/domain/repository/arpu_linkitdashboard.go:48.22,50.3 1 0
github.com/infraLinkit/mediaplatform-datasource/src/domain/repository/arpu_linkitdashboard.go:52.2,56.16 3 0
github.com/infraLinkit/mediaplatform-datasource/src/domain/repository/arpu_linkitdashboard.go:56.16,58.3 1 0
github.com/infraLinkit/mediaplatform-datasource/src/domain/repository/arpu_linkitdashboard.go:60.2,66.16 5 0
github.com/infraLinkit/mediaplatform-datasource/src/domain/repository/arpu_linkitdashboard.go:66.16,68.3 1 0
github.com/infraLinkit/mediaplatform-datasource/src/domain/repository/arpu_linkitdashboard.go:69.2,70.16 2 0
github.com/infraLinkit/mediaplatform-datasource/src/domain/repository/arpu_linkitdashboard.go:70.16,72.3 1 0
github.com/infraLinkit/mediaplatform-datasource/src/domain/repository/arpu_linkitdashboard.go:73.2,82.16 7 0
github.com/infraLinkit/mediaplatform-datasource/src/domain/repository/arpu_linkitdashboard.go:82.16,84.3 1 0
github.com/infraLinkit/mediaplatform-datasource/src/domain/repository/arpu_linkitdashboard.go:85.2,89.72 3 0
github.com/infraLinkit/mediaplatform-datasource/src/domain/repository/arpu_linkitdashboard.go:89.72,91.3 1 0
github.com/infraLinkit/mediaplatform-datasource/src/domain/repository/arpu_linkitdashboard.go:94.2,94.31 1 0
github.com/infraLinkit/mediaplatform-datasource/src/domain/repository/arpu_linkitdashboard.go:94.31,96.3 1 0
github.com/infraLinkit/mediaplatform-datasource/src/domain/repository/arpu_linkitdashboard.go:98.2,99.25 2 0
github.com/infraLinkit/mediaplatform-datasource/src/domain/repository/arpu_linkitdashboard.go:102.45,105.16 2 0
github.com/infraLinkit/mediaplatform-datasource/src/domain/repository/arpu_linkitdashboard.go:105.16,107.3 1 0
github.com/infraLinkit/mediaplatform-datasource/src/domain/repository/arpu_linkitdashboard.go:108.2,108.26 1 0
github.com/infraLinkit/mediaplatform-datasource/src/domain/repository/arpu_linkitdashboard.go:111.68,115.19 3 0
github.com/infraLinkit/mediaplatform-datasource/src/domain/repository/arpu_linkitdashboard.go:115.19,117.3 1 0
github.com/infraLinkit/mediaplatform-datasource/src/domain/repository/arpu_linkitdashboard.go:120.2,122.38 1 0
github.com/infraLinkit/mediaplatform-datasource/src/domain/repository/arpu_linkitdashboard.go:122.38,124.3 1 0
github.com/infraLinkit/mediaplatform-datasource/src/domain/repository/arpu_linkitdashboard.go:126.2,126.31 1 0
github.com/infraLinkit/mediaplatform-datasource/src/domain/repository/arpu_linkitdashboard.go:126.31,162.16 4 0
github.com/infraLinkit/mediaplatform-datasource/src/domain/repository/arpu_linkitdashboard.go:162.16,171.20 1 0
github.com/infraLinkit/mediaplatform-datasource/src/domain/repository/arpu_linkitdashboard.go:171.20,173.6 1 0
github.com/infraLinkit/mediaplatform-datasource/src/domain/repository/arpu_linkitdashboard.go:173.11,175.6 1 0
github.com/infraLinkit/mediaplatform-datasource/src/domain/repository/arpu_linkitdashboard.go:177.36,183.5 1 0
github.com/infraLinkit/mediaplatform-datasource/src/domain/repository/arpu_linkitdashboard.go:184.21,185.5 0 0
github.com/infraLinkit/mediaplatform-datasource/src/domain/repository/arpu_linkitdashboard.go:188.3,190.45 2 0
github.com/infraLinkit/mediaplatform-datasource/src/domain/repository/arpu_linkitdashboard.go:193.2,193.12 1 0
github.com/infraLinkit/mediaplatform-datasource/src/domain/repository/arpu_linkitdashboard.go:196.68,212.33 3 0
github.com/infraLinkit/mediaplatform-datasource/src/domain/repository/arpu_linkitdashboard.go:212.33,250.16 9 0
github.com/infraLinkit/mediaplatform-datasource/src/domain/repository/arpu_linkitdashboard.go:250.16,259.20 1 0
github.com/infraLinkit/mediaplatform-datasource/src/domain/repository/arpu_linkitdashboard.go:259.20,261.6 1 0
github.com/infraLinkit/mediaplatform-datasource/src/domain/repository/arpu_linkitdashboard.go:261.11,263.6 1 0
github.com/infraLinkit/mediaplatform-datasource/src/domain/repository/arpu_linkitdashboard.go:265.36,271.5 1 0
github.com/infraLinkit/mediaplatform-datasource/src/domain/repository/arpu_linkitdashboard.go:272.21,273.5 0 0
github.com/infraLinkit/mediaplatform-datasource/src/domain/repository/arpu_linkitdashboard.go:276.3,277.56 2 0
github.com/infraLinkit/mediaplatform-datasource/src/domain/repository/arpu_linkitdashboard.go:277.56,279.4 1 0
github.com/infraLinkit/mediaplatform-datasource/src/domain/repository/arpu_linkitdashboard.go:282.3,282.40 1 0
github.com/infraLinkit/mediaplatform-datasource/src/domain/repository/arpu_linkitdashboard.go:282.40,289.18 2 0
github.com/infraLinkit/mediaplatform-datasource/src/domain/repository/arpu_linkitdashboard.go:289.18,291.5 1 0
github.com/infraLinkit/mediaplatform-datasource/src/domain/repository/arpu_linkitdashboard.go:291.10,293.5 1 0
github.com/infraLinkit/mediaplatform-datasource/src/domain/repository/arpu_linkitdashboard.go:296.3,296.45 1 0
github.com/infraLinkit/mediaplatform-datasource/src/domain/repository/arpu_linkitdashboard.go:300.98,316.38 3 0
github.com/infraLinkit/mediaplatform-datasource/src/domain/repository/arpu_linkitdashboard.go:316.38,319.3 2 0
github.com/infraLinkit/mediaplatform-datasource/src/domain/repository/arpu_linkitdashboard.go:325.2,325.33 1 0
github.com/infraLinkit/mediaplatform-datasource/src/domain/repository/arpu_linkitdashboard.go:325.33,347.16 3 0
github.com/infraLinkit/mediaplatform-datasource/src/domain/repository/arpu_linkitdashboard.go:347.16,356.20 1 0
github.com/infraLinkit/mediaplatform-datasource/src/domain/repository/arpu_linkitdashboard.go:356.20,358.6 1 0
github.com/infraLinkit/mediaplatform-datasource/src/domain/repository/arpu_linkitdashboard.go:358.11,360.6 1 0
github.com/infraLinkit/mediaplatform-datasource/src/domain/repository/arpu_linkitdashboard.go:362.36,368.5 1 0
github.com/infraLinkit/mediaplatform-datasource/src/domain/repository/arpu_linkitdashboard.go:369.21,370.5 0 0
github.com/infraLinkit/mediaplatform-datasource/src/domain/repository/arpu_linkitdashboard.go:374.3,375.60 2 0
github.com/infraLinkit/mediaplatform-datasource/src/domain/repository/arpu_linkitdashboard.go:375.60,377.12 2 0
github.com/infraLinkit/mediaplatform-datasource/src/domain/repository/arpu_linkitdashboard.go:380.3,380.25 1 0
github.com/infraLinkit/mediaplatform-datasource/src/domain/repository/arpu_linkitdashboard.go:380.25,385.58 2 0
github.com/infraLinkit/mediaplatform-datasource/src/domain/repository/arpu_linkitdashboard.go:385.58,387.5 1 0
github.com/infraLinkit/mediaplatform-datasource/src/domain/repository/arpu_linkitdashboard.go:387.10,389.5 1 0
github.com/infraLinkit/mediaplatform-datasource/src/domain/repository/arpu_linkitdashboard.go:390.4,390.12 1 0
github.com/infraLinkit/mediaplatform-datasource/src/domain/repository/arpu_linkitdashboard.go:394.3,396.17 3 0
github.com/infraLinkit/mediaplatform-datasource/src/domain/repository/arpu_linkitdashboard.go:396.17,398.12 2 0
github.com/infraLinkit/mediaplatform-datasource/src/domain/repository/arpu_linkitdashboard.go:402.3,412.17 2 0
github.com/infraLinkit/mediaplatform-datasource/src/domain/repository/arpu_linkitdashboard.go:412.17,415.4 1 0
github.com/infraLinkit/mediaplatform-datasource/src/domain/repository/arpu_linkitdashboard.go:415.9,418.4 1 0
github.com/infraLinkit/mediaplatform-datasource/src/domain/repository/arpu_linkitdashboard.go:420.3,420.45 1 0
github.com/infraLinkit/mediaplatform-datasource/src/domain/repository/arpu_linkitdashboard.go:427.2,427.20 1 0
github.com/infraLinkit/mediaplatform-datasource/src/domain/repository/base.go:26.45,36.2 1 0
github.com/infraLinkit/mediaplatform-datasource/src/domain/repository/budget_io.go:11.69,13.2 1 0
github.com/infraLinkit/mediaplatform-datasource/src/domain/repository/budget_io.go:15.127,23.26 5 0
github.com/infraLinkit/mediaplatform-datasource/src/domain/repository/budget_io.go:23.26,25.3 1 0
github.com/infraLinkit/mediaplatform-datasource/src/domain/repository/budget_io.go:27.2,27.26 1 0
github.com/infraLinkit/mediaplatform-datasource/src/domain/repository/budget_io.go:27.26,28.22 1 0
github.com/infraLinkit/mediaplatform-datasource/src/domain/repository/budget_io.go:28.22,30.4 1 0
github.com/infraLinkit/mediaplatform-datasource/src/domain/repository/budget_io.go:31.3,31.22 1 0
github.com/infraLinkit/mediaplatform-datasource/src/domain/repository/budget_io.go:31.22,33.4 1 0
github.com/infraLinkit/mediaplatform-datasource/src/domain/repository/budget_io.go:34.3,34.24 1 0
github.com/infraLinkit/mediaplatform-datasource/src/domain/repository/budget_io.go:34.24,36.4 1 0
github.com/infraLinkit/mediaplatform-datasource/src/domain/repository/budget_io.go:38.3,38.24 1 0
github.com/infraLinkit/mediaplatform-datasource/src/domain/repository/budget_io.go:38.24,39.40 1 0
github.com/infraLinkit/mediaplatform-datasource/src/domain/repository/budget_io.go:40.17,41.59 1 0
github.com/infraLinkit/mediaplatform-datasource/src/domain/repository/budget_io.go:42.21,43.78 1 0
github.com/infraLinkit/mediaplatform-datasource/src/domain/repository/budget_io.go:44.20,45.101 1 0
github.com/infraLinkit/mediaplatform-datasource/src/domain/repository/budget_io.go:46.21,47.102 1 0
github.com/infraLinkit/mediaplatform-datasource/src/domain/repository/budget_io.go:48.21,49.81 1 0
github.com/infraLinkit/mediaplatform-datasource/src/domain/repository/budget_io.go:50.21,51.164 1 0
github.com/infraLinkit/mediaplatform-datasource/src/domain/repository/budget_io.go:52.23,53.87 1 0
github.com/infraLinkit/mediaplatform-datasource/src/domain/repository/budget_io.go:54.12,55.61 1 0
github.com/infraLinkit/mediaplatform-datasource/src/domain/repository/budget_io.go:57.9,59.4 1 0
github.com/infraLinkit/mediaplatform-datasource/src/domain/repository/budget_io.go:62.2,62.25 1 0
github.com/infraLinkit/mediaplatform-datasource/src/domain/repository/budget_io.go:62.25,64.44 2 0
github.com/infraLinkit/mediaplatform-datasource/src/domain/repository/budget_io.go:64.44,66.4 1 0
github.com/infraLinkit/mediaplatform-datasource/src/domain/repository/budget_io.go:68.3,68.24 1 0
github.com/infraLinkit/mediaplatform-datasource/src/domain/repository/budget_io.go:69.11,70.65 1 0
github.com/infraLinkit/mediaplatform-datasource/src/domain/repository/budget_io.go:72.8,74.3 1 0
github.com/infraLinkit/mediaplatform-datasource/src/domain/repository/budget_io.go:76.2,79.16 3 0
github.com/infraLinkit/mediaplatform-datasource/src/domain/repository/budget_io.go:79.16,81.3 1 0
github.com/infraLinkit/mediaplatform-datasource/src/domain/repository/budget_io.go:83.2,84.16 2 0
github.com/infraLinkit/mediaplatform-datasource/src/domain/repository/budget_io.go:84.16,86.3 1 0
github.com/infraLinkit/mediaplatform-datasource/src/domain/repository/budget_io.go:87.2,90.18 3 0
github.com/infraLinkit/mediaplatform-datasource/src/domain/repository/budget_io.go:90.18,94.3 3 0
github.com/infraLinkit/mediaplatform-datasource/src/domain/repository/budget_io.go:96.2,98.35 2 0
github.com/infraLinkit/mediaplatform-datasource/src/domain/repository/budget_io.go:101.103,109.26 5 0
github.com/infraLinkit/mediaplatform-datasource/src/domain/repository/budget_io.go:109.26,111.3 1 0
github.com/infraLinkit/mediaplatform-datasource/src/domain/repository/budget_io.go:113.2,113.26 1 0
github.com/infraLinkit/mediaplatform-datasource/src/domain/repository/budget_io.go:113.26,114.22 1 0
github.com/infraLinkit/mediaplatform-datasource/src/domain/repository/budget_io.go:114.22,116.4 1 0
github.com/infraLinkit/mediaplatform-datasource/src/domain/repository/budget_io.go:117.3,117.22 1 0
github.com/infraLinkit/mediaplatform-datasource/src/domain/repository/budget_io.go:117.22,119.4 1 0
github.com/infraLinkit/mediaplatform-datasource/src/domain/repository/budget_io.go:120.3,120.24 1 0
github.com/infraLinkit/mediaplatform-datasource/src/domain/repository/budget_io.go:120.24,122.4 1 0
github.com/infraLinkit/mediaplatform-datasource/src/domain/repository/budget_io.go:124.3,124.24 1 0
github.com/infraLinkit/mediaplatform-datasource/src/domain/repository/budget_io.go:124.24,125.40 1 0
github.com/infraLinkit/mediaplatform-datasource/src/domain/repository/budget_io.go:126.17,127.59 1 0
github.com/infraLinkit/mediaplatform-datasource/src/domain/repository/budget_io.go:128.21,129.78 1 0
github.com/infraLinkit/mediaplatform-datasource/src/domain/repository/budget_io.go:130.20,131.101 1 0
github.com/infraLinkit/mediaplatform-datasource/src/domain/repository/budget_io.go:132.21,133.102 1 0
github.com/infraLinkit/mediaplatform-datasource/src/domain/repository/budget_io.go:134.21,135.81 1 0
github.com/infraLinkit/mediaplatform-datasource/src/domain/repository/budget_io.go:136.21,137.164 1 0
github.com/infraLinkit/mediaplatform-datasource/src/domain/repository/budget_io.go:138.23,139.87 1 0
github.com/infraLinkit/mediaplatform-datasource/src/domain/repository/budget_io.go:140.12,141.61 1 0
github.com/infraLinkit/mediaplatform-datasource/src/domain/repository/budget_io.go:143.9,145.4 1 0
github.com/infraLinkit/mediaplatform-datasource/src/domain/repository/budget_io.go:148.2,148.25 1 0
github.com/infraLinkit/mediaplatform-datasource/src/domain/repository/budget_io.go:148.25,150.44 2 0
github.com/infraLinkit/mediaplatform-datasource/src/domain/repository/budget_io.go:150.44,152.4 1 0
github.com/infraLinkit/mediaplatform-datasource/src/domain/repository/budget_io.go:154.3,154.24 1 0
github.com/infraLinkit/mediaplatform-datasource/src/domain/repository/budget_io.go:155.11,156.65 1 0
github.com/infraLinkit/mediaplatform-datasource/src/domain/repository/budget_io.go:158.8,160.3 1 0
github.com/infraLinkit/mediaplatform-datasource/src/domain/repository/budget_io.go:162.2,165.16 3 0
github.com/infraLinkit/mediaplatform-datasource/src/domain/repository/budget_io.go:165.16,167.3 1 0
github.com/infraLinkit/mediaplatform-datasource/src/domain/repository/budget_io.go:169.2,170.16 2 0
github.com/infraLinkit/mediaplatform-datasource/src/domain/repository/budget_io.go:170.16,172.3 1 0
github.com/infraLinkit/mediaplatform-datasource/src/domain/repository/budget_io.go:173.2,176.18 3 0
github.com/infraLinkit/mediaplatform-datasource/src/domain/repository/budget_io.go:176.18,180.3 3 0
github.com/infraLinkit/mediaplatform-datasource/src/domain/repository/budget_io.go:182.2,184.35 2 0
github.com/infraLinkit/mediaplatform-datasource/src/domain/repository/budget_io.go:187.135,195.26 5 0
github.com/infraLinkit/mediaplatform-datasource/src/domain/repository/budget_io.go:195.26,197.3 1 0
github.com/infraLinkit/mediaplatform-datasource/src/domain/repository/budget_io.go:199.2,199.26 1 0
github.com/infraLinkit/mediaplatform-datasource/src/domain/repository/budget_io.go:199.26,200.22 1 0
github.com/infraLinkit/mediaplatform-datasource/src/domain/repository/budget_io.go:200.22,202.4 1 0
github.com/infraLinkit/mediaplatform-datasource/src/domain/repository/budget_io.go:203.3,203.22 1 0
github.com/infraLinkit/mediaplatform-datasource/src/domain/repository/budget_io.go:203.22,205.4 1 0
github.com/infraLinkit/mediaplatform-datasource/src/domain/repository/budget_io.go:206.3,206.24 1 0
github.com/infraLinkit/mediaplatform-datasource/src/domain/repository/budget_io.go:206.24,208.4 1 0
github.com/infraLinkit/mediaplatform-datasource/src/domain/repository/budget_io.go:210.3,210.22 1 0
github.com/infraLinkit/mediaplatform-datasource/src/domain/repository/budget_io.go:210.22,217.4 2 0
github.com/infraLinkit/mediaplatform-datasource/src/domain/repository/budget_io.go:219.3,219.24 1 0
github.com/infraLinkit/mediaplatform-datasource/src/domain/repository/budget_io.go:219.24,221.4 1 0
github.com/infraLinkit/mediaplatform-datasource/src/domain/repository/budget_io.go:221.9,223.4 1 0
github.com/infraLinkit/mediaplatform-datasource/src/domain/repository/budget_io.go:226.2,226.25 1 0
github.com/infraLinkit/mediaplatform-datasource/src/domain/repository/budget_io.go:226.25,228.44 2 0
github.com/infraLinkit/mediaplatform-datasource/src/domain/repository/budget_io.go:228.44,230.4 1 0
github.com/infraLinkit/mediaplatform-datasource/src/domain/repository/budget_io.go:232.3,232.24 1 0
github.com/infraLinkit/mediaplatform-datasource/src/domain/repository/budget_io.go:233.11,234.65 1 0
github.com/infraLinkit/mediaplatform-datasource/src/domain/repository/budget_io.go:236.8,238.3 1 0
github.com/infraLinkit/mediaplatform-datasource/src/domain/repository/budget_io.go:240.2,243.16 3 0
github.com/infraLinkit/mediaplatform-datasource/src/domain/repository/budget_io.go:243.16,245.3 1 0
github.com/infraLinkit/mediaplatform-datasource/src/domain/repository/budget_io.go:247.2,248.16 2 0
github.com/infraLinkit/mediaplatform-datasource/src/domain/repository/budget_io.go:248.16,250.3 1 0
github.com/infraLinkit/mediaplatform-datasource/src/domain/repository/budget_io.go:251.2,254.18 3 0
github.com/infraLinkit/mediaplatform-datasource/src/domain/repository/budget_io.go:254.18,258.3 3 0
github.com/infraLinkit/mediaplatform-datasource/src/domain/repository/budget_io.go:260.2,262.35 2 0
github.com/infraLinkit/mediaplatform-datasource/src/domain/repository/budget_io.go:265.111,273.26 5 0
github.com/infraLinkit/mediaplatform-datasource/src/domain/repository/budget_io.go:273.26,275.3 1 0
github.com/infraLinkit/mediaplatform-datasource/src/domain/repository/budget_io.go:277.2,277.26 1 0
github.com/infraLinkit/mediaplatform-datasource/src/domain/repository/budget_io.go:277.26,278.22 1 0
github.com/infraLinkit/mediaplatform-datasource/src/domain/repository/budget_io.go:278.22,280.4 1 0
github.com/infraLinkit/mediaplatform-datasource/src/domain/repository/budget_io.go:281.3,281.22 1 0
github.com/infraLinkit/mediaplatform-datasource/src/domain/repository/budget_io.go:281.22,283.4 1 0
github.com/infraLinkit/mediaplatform-datasource/src/domain/repository/budget_io.go:284.3,284.24 1 0
github.com/infraLinkit/mediaplatform-datasource/src/domain/repository/budget_io.go:284.24,286.4 1 0
github.com/infraLinkit/mediaplatform-datasource/src/domain/repository/budget_io.go:288.3,288.22 1 0
github.com/infraLinkit/mediaplatform-datasource/src/domain/repository/budget_io.go:288.22,295.4 2 0
github.com/infraLinkit/mediaplatform-datasource/src/domain/repository/budget_io.go:297.3,297.24 1 0
github.com/infraLinkit/mediaplatform-datasource/src/domain/repository/budget_io.go:297.24,299.4 1 0
github.com/infraLinkit/mediaplatform-datasource/src/domain/repository/budget_io.go:299.9,301.4 1 0
github.com/infraLinkit/mediaplatform-datasource/src/domain/repository/budget_io.go:304.2,304.25 1 0
github.com/infraLinkit/mediaplatform-datasource/src/domain/repository/budget_io.go:304.25,306.44 2 0
github.com/infraLinkit/mediaplatform-datasource/src/domain/repository/budget_io.go:306.44,308.4 1 0
github.com/infraLinkit/mediaplatform-datasource/src/domain/repository/budget_io.go:310.3,310.24 1 0
github.com/infraLinkit/mediaplatform-datasource/src/domain/repository/budget_io.go:311.11,312.65 1 0
github.com/infraLinkit/mediaplatform-datasource/src/domain/repository/budget_io.go:314.8,316.3 1 0
github.com/infraLinkit/mediaplatform-datasource/src/domain/repository/budget_io.go:318.2,321.16 3 0
github.com/infraLinkit/mediaplatform-datasource/src/domain/repository/budget_io.go:321.16,323.3 1 0
github.com/infraLinkit/mediaplatform-datasource/src/domain/repository/budget_io.go:325.2,326.16 2 0
github.com/infraLinkit/mediaplatform-datasource/src/domain/repository/budget_io.go:326.16,328.3 1 0
github.com/infraLinkit/mediaplatform-datasource/src/domain/repository/budget_io.go:329.2,332.18 3 0
github.com/infraLinkit/mediaplatform-datasource/src/domain/repository/budget_io.go:332.18,336.3 3 0
github.com/infraLinkit/mediaplatform-datasource/src/domain/repository/budget_io.go:338.2,340.35 2 0
github.com/infraLinkit/mediaplatform-datasource/src/domain/repository/budget_io.go:343.121,347.29 2 0
github.com/infraLinkit/mediaplatform-datasource/src/domain/repository/budget_io.go:347.29,348.28 1 0
github.com/infraLinkit/mediaplatform-datasource/src/domain/repository/budget_io.go:348.28,350.10 1 0
github.com/infraLinkit/mediaplatform-datasource/src/domain/repository/budget_io.go:351.9,351.28 1 0
github.com/infraLinkit/mediaplatform-datasource/src/domain/repository/budget_io.go:351.28,353.10 1 0
github.com/infraLinkit/mediaplatform-datasource/src/domain/repository/budget_io.go:354.9,354.30 1 0
github.com/infraLinkit/mediaplatform-datasource/src/domain/repository/budget_io.go:354.30,356.10 1 0
github.com/infraLinkit/mediaplatform-datasource/src/domain/repository/budget_io.go:358.9,358.30 1 0
github.com/infraLinkit/mediaplatform-datasource/src/domain/repository/budget_io.go:358.30,360.10 1 0
github.com/infraLinkit/mediaplatform-datasource/src/domain/repository/budget_io.go:360.15,362.10 1 0
github.com/infraLinkit/mediaplatform-datasource/src/domain/repository/budget_io.go:365.5,365.28 1 0
github.com/infraLinkit/mediaplatform-datasource/src/domain/repository/budget_io.go:365.28,367.50 2 0
github.com/infraLinkit/mediaplatform-datasource/src/domain/repository/budget_io.go:367.50,369.10 1 0
github.com/infraLinkit/mediaplatform-datasource/src/domain/repository/budget_io.go:370.9,370.70 1 0
github.com/infraLinkit/mediaplatform-datasource/src/domain/repository/budget_io.go:371.11,373.6 1 0
github.com/infraLinkit/mediaplatform-datasource/src/domain/repository/budget_io.go:375.5,376.19 2 0
github.com/infraLinkit/mediaplatform-datasource/src/domain/repository/budget_io.go:376.19,378.6 1 0
github.com/infraLinkit/mediaplatform-datasource/src/domain/repository/budget_io.go:379.5,382.21 3 0
github.com/infraLinkit/mediaplatform-datasource/src/domain/repository/budget_io.go:382.21,386.6 3 0
github.com/infraLinkit/mediaplatform-datasource/src/domain/repository/budget_io.go:388.5,390.42 2 0
github.com/infraLinkit/mediaplatform-datasource/src/domain/repository/campaign_detail.go:12.55,20.2 4 0
github.com/infraLinkit/mediaplatform-datasource/src/domain/repository/campaign_detail.go:22.88,30.7 3 0
github.com/infraLinkit/mediaplatform-datasource/src/domain/repository/campaign_detail.go:30.7,32.3 1 0
github.com/infraLinkit/mediaplatform-datasource/src/domain/repository/campaign_detail.go:32.8,35.3 2 0
github.com/infraLinkit/mediaplatform-datasource/src/domain/repository/campaign_detail.go:38.56,45.2 3 0
github.com/infraLinkit/mediaplatform-datasource/src/domain/repository/campaign_detail.go:47.68,54.2 3 0
github.com/infraLinkit/mediaplatform-datasource/src/domain/repository/campaign_detail.go:56.73,65.2 3 0
github.com/infraLinkit/mediaplatform-datasource/src/domain/repository/campaign_detail.go:67.106,75.7 3 0
github.com/infraLinkit/mediaplatform-datasource/src/domain/repository/campaign_detail.go:75.7,77.3 1 0
github.com/infraLinkit/mediaplatform-datasource/src/domain/repository/campaign_detail.go:77.8,80.3 2 0
github.com/infraLinkit/mediaplatform-datasource/src/domain/repository/campaign_detail.go:83.61,92.2 3 0
github.com/infraLinkit/mediaplatform-datasource/src/domain/repository/campaign_detail.go:94.73,101.2 3 0
github.com/infraLinkit/mediaplatform-datasource/src/domain/repository/campaign_detail.go:103.71,110.2 3 0
github.com/infraLinkit/mediaplatform-datasource/src/domain/repository/campaign_detail.go:112.58,122.2 3 0
github.com/infraLinkit/mediaplatform-datasource/src/domain/repository/campaign_detail.go:124.91,128.2 3 0
github.com/infraLinkit/mediaplatform-datasource/src/domain/repository/campaign_detail.go:130.70,140.2 3 0
github.com/infraLinkit/mediaplatform-datasource/src/domain/repository/campaign_detail.go:142.78,151.21 2 0
github.com/infraLinkit/mediaplatform-datasource/src/domain/repository/campaign_detail.go:151.21,153.3 1 0
github.com/infraLinkit/mediaplatform-datasource/src/domain/repository/campaign_detail.go:155.2,161.21 3 0
github.com/infraLinkit/mediaplatform-datasource/src/domain/repository/campaign_detail.go:164.69,180.2 3 0
github.com/infraLinkit/mediaplatform-datasource/src/domain/repository/campaign_detail.go:182.72,195.2 3 0
github.com/infraLinkit/mediaplatform-datasource/src/domain/repository/campaign_detail.go:197.76,211.2 3 0
github.com/infraLinkit/mediaplatform-datasource/src/domain/repository/campaign_detail.go:213.79,221.30 3 0
github.com/infraLinkit/mediaplatform-datasource/src/domain/repository/campaign_detail.go:221.30,223.3 1 0
github.com/infraLinkit/mediaplatform-datasource/src/domain/repository/campaign_detail.go:225.2,225.21 1 0
github.com/infraLinkit/mediaplatform-datasource/src/domain/repository/campaign_detail.go:228.94,234.7 3 0
github.com/infraLinkit/mediaplatform-datasource/src/domain/repository/campaign_detail.go:234.7,236.3 1 0
github.com/infraLinkit/mediaplatform-datasource/src/domain/repository/campaign_detail.go:236.8,239.3 2 0
github.com/infraLinkit/mediaplatform-datasource/src/domain/repository/campaign_detail.go:242.69,249.2 3 0
github.com/infraLinkit/mediaplatform-datasource/src/domain/repository/campaign_detail.go:251.76,262.2 3 0
github.com/infraLinkit/mediaplatform-datasource/src/domain/repository/campaign_detail.go:264.121,274.18 4 0
github.com/infraLinkit/mediaplatform-datasource/src/domain/repository/campaign_detail.go:274.18,282.3 3 0
github.com/infraLinkit/mediaplatform-datasource/src/domain/repository/campaign_detail.go:284.2,284.23 1 0
github.com/infraLinkit/mediaplatform-datasource/src/domain/repository/campaign_detail.go:287.68,294.2 3 0
github.com/infraLinkit/mediaplatform-datasource/src/domain/repository/campaign_detail.go:296.83,303.2 3 0
github.com/infraLinkit/mediaplatform-datasource/src/domain/repository/campaign_detail.go:305.86,317.2 3 0
github.com/infraLinkit/mediaplatform-datasource/src/domain/repository/campaign_detail.go:319.84,331.2 3 0
github.com/infraLinkit/mediaplatform-datasource/src/domain/repository/campaign_detail.go:333.92,345.2 3 0
github.com/infraLinkit/mediaplatform-datasource/src/domain/repository/campaign_detail.go:347.130,357.18 4 0
github.com/infraLinkit/mediaplatform-datasource/src/domain/repository/campaign_detail.go:357.18,365.3 3 0
github.com/infraLinkit/mediaplatform-datasource/src/domain/repository/campaign_detail.go:367.2,367.23 1 0
github.com/infraLinkit/mediaplatform-datasource/src/domain/repository/campaign_detail.go:370.81,377.2 3 0
github.com/infraLinkit/mediaplatform-datasource/src/domain/repository/campaign_detail.go:379.90,393.16 3 0
github.com/infraLinkit/mediaplatform-datasource/src/domain/repository/campaign_detail.go:393.16,395.3 1 0
github.com/infraLinkit/mediaplatform-datasource/src/domain/repository/campaign_detail.go:397.2,397.22 1 0
github.com/infraLinkit/mediaplatform-datasource/src/domain/repository/campaign_detail.go:397.22,399.3 1 0
github.com/infraLinkit/mediaplatform-datasource/src/domain/repository/campaign_detail.go:401.2,401.18 1 0
github.com/infraLinkit/mediaplatform-datasource/src/domain/repository/campaign_detail.go:404.71,419.2 3 0
github.com/infraLinkit/mediaplatform-datasource/src/domain/repository/campaign_detail.go:421.78,424.53 2 0
github.com/infraLinkit/mediaplatform-datasource/src/domain/repository/campaign_detail.go:424.53,433.3 1 0
github.com/infraLinkit/mediaplatform-datasource/src/domain/repository/campaign_detail.go:433.8,442.3 1 0
github.com/infraLinkit/mediaplatform-datasource/src/domain/repository/campaign_detail.go:444.2,446.21 2 0
github.com/infraLinkit/mediaplatform-datasource/src/domain/repository/campaign_detail.go:449.94,460.16 4 0
github.com/infraLinkit/mediaplatform-datasource/src/domain/repository/campaign_detail.go:460.16,463.3 2 0
github.com/infraLinkit/mediaplatform-datasource/src/domain/repository/campaign_detail.go:465.2,466.55 2 0
github.com/infraLinkit/mediaplatform-datasource/src/domain/repository/campaign_detail.go:472.11,483.2 3 0
github.com/infraLinkit/mediaplatform-datasource/src/domain/repository/campaign_detail.go:485.88,489.16 2 0
github.com/infraLinkit/mediaplatform-datasource/src/domain/repository/campaign_detail.go:489.16,502.17 4 0
github.com/infraLinkit/mediaplatform-datasource/src/domain/repository/campaign_detail.go:502.17,504.4 1 0
github.com/infraLinkit/mediaplatform-datasource/src/domain/repository/campaign_detail.go:506.3,514.4 1 0
github.com/infraLinkit/mediaplatform-datasource/src/domain/repository/campaign_detail.go:516.8,524.3 1 0
github.com/infraLinkit/mediaplatform-datasource/src/domain/repository/campaign_detail.go:526.2,529.21 2 0
github.com/infraLinkit/mediaplatform-datasource/src/domain/repository/campaign_management.go:12.143,48.29 3 0
github.com/infraLinkit/mediaplatform-datasource/src/domain/repository/campaign_management.go:48.29,49.28 1 0
github.com/infraLinkit/mediaplatform-datasource/src/domain/repository/campaign_management.go:49.28,51.10 1 0
github.com/infraLinkit/mediaplatform-datasource/src/domain/repository/campaign_management.go:52.9,52.29 1 0
github.com/infraLinkit/mediaplatform-datasource/src/domain/repository/campaign_management.go:52.29,54.10 1 0
github.com/infraLinkit/mediaplatform-datasource/src/domain/repository/campaign_management.go:55.9,55.28 1 0
github.com/infraLinkit/mediaplatform-datasource/src/domain/repository/campaign_management.go:55.28,57.10 1 0
github.com/infraLinkit/mediaplatform-datasource/src/domain/repository/campaign_management.go:58.9,58.26 1 0
github.com/infraLinkit/mediaplatform-datasource/src/domain/repository/campaign_management.go:58.26,60.10 1 0
github.com/infraLinkit/mediaplatform-datasource/src/domain/repository/campaign_management.go:61.9,61.28 1 0
github.com/infraLinkit/mediaplatform-datasource/src/domain/repository/campaign_management.go:61.28,63.10 1 0
github.com/infraLinkit/mediaplatform-datasource/src/domain/repository/campaign_management.go:64.9,64.27 1 0
github.com/infraLinkit/mediaplatform-datasource/src/domain/repository/campaign_management.go:64.27,66.10 1 0
github.com/infraLinkit/mediaplatform-datasource/src/domain/repository/campaign_management.go:67.9,67.33 1 0
github.com/infraLinkit/mediaplatform-datasource/src/domain/repository/campaign_management.go:67.33,69.10 1 0
github.com/infraLinkit/mediaplatform-datasource/src/domain/repository/campaign_management.go:70.9,70.33 1 0
github.com/infraLinkit/mediaplatform-datasource/src/domain/repository/campaign_management.go:70.33,71.47 1 0
github.com/infraLinkit/mediaplatform-datasource/src/domain/repository/campaign_management.go:71.47,73.14 1 0
github.com/infraLinkit/mediaplatform-datasource/src/domain/repository/campaign_management.go:73.19,75.14 1 0
github.com/infraLinkit/mediaplatform-datasource/src/domain/repository/campaign_management.go:77.9,77.34 1 0
github.com/infraLinkit/mediaplatform-datasource/src/domain/repository/campaign_management.go:77.34,79.10 1 0
github.com/infraLinkit/mediaplatform-datasource/src/domain/repository/campaign_management.go:83.5,88.50 2 0
github.com/infraLinkit/mediaplatform-datasource/src/domain/repository/campaign_management.go:88.50,90.50 2 0
github.com/infraLinkit/mediaplatform-datasource/src/domain/repository/campaign_management.go:90.50,92.10 1 0
github.com/infraLinkit/mediaplatform-datasource/src/domain/repository/campaign_management.go:93.9,93.60 1 0
github.com/infraLinkit/mediaplatform-datasource/src/domain/repository/campaign_management.go:94.11,96.6 1 0
github.com/infraLinkit/mediaplatform-datasource/src/domain/repository/campaign_management.go:99.5,100.56 2 0
github.com/infraLinkit/mediaplatform-datasource/src/domain/repository/campaign_management.go:100.56,102.6 1 0
github.com/infraLinkit/mediaplatform-datasource/src/domain/repository/campaign_management.go:105.5,106.33 2 0
github.com/infraLinkit/mediaplatform-datasource/src/domain/repository/campaign_management.go:106.33,108.23 2 0
github.com/infraLinkit/mediaplatform-datasource/src/domain/repository/campaign_management.go:108.23,110.10 1 0
github.com/infraLinkit/mediaplatform-datasource/src/domain/repository/campaign_management.go:110.15,112.10 1 0
github.com/infraLinkit/mediaplatform-datasource/src/domain/repository/campaign_management.go:115.5,119.11 1 0
github.com/infraLinkit/mediaplatform-datasource/src/domain/repository/campaign_management.go:122.132,130.16 3 0
github.com/infraLinkit/mediaplatform-datasource/src/domain/repository/campaign_management.go:130.16,132.3 1 0
github.com/infraLinkit/mediaplatform-datasource/src/domain/repository/campaign_management.go:135.2,163.56 2 0
github.com/infraLinkit/mediaplatform-datasource/src/domain/repository/campaign_management.go:163.56,166.3 1 0
github.com/infraLinkit/mediaplatform-datasource/src/domain/repository/campaign_management.go:166.8,169.3 1 0
github.com/infraLinkit/mediaplatform-datasource/src/domain/repository/campaign_management.go:171.2,176.56 2 0
github.com/infraLinkit/mediaplatform-datasource/src/domain/repository/campaign_management.go:176.56,178.3 1 0
github.com/infraLinkit/mediaplatform-datasource/src/domain/repository/campaign_management.go:180.2,185.16 3 0
github.com/infraLinkit/mediaplatform-datasource/src/domain/repository/campaign_management.go:185.16,187.3 1 0
github.com/infraLinkit/mediaplatform-datasource/src/domain/repository/campaign_management.go:188.2,192.18 3 0
github.com/infraLinkit/mediaplatform-datasource/src/domain/repository/campaign_management.go:192.18,205.48 4 0
github.com/infraLinkit/mediaplatform-datasource/src/domain/repository/campaign_management.go:205.48,207.4 1 0
github.com/infraLinkit/mediaplatform-datasource/src/domain/repository/campaign_management.go:210.3,210.56 1 0
github.com/infraLinkit/mediaplatform-datasource/src/domain/repository/campaign_management.go:210.56,211.22 1 0
github.com/infraLinkit/mediaplatform-datasource/src/domain/repository/campaign_management.go:211.22,213.47 1 0
github.com/infraLinkit/mediaplatform-datasource/src/domain/repository/campaign_management.go:213.47,217.6 1 0
github.com/infraLinkit/mediaplatform-datasource/src/domain/repository/campaign_management.go:217.11,217.62 1 0
github.com/infraLinkit/mediaplatform-datasource/src/domain/repository/campaign_management.go:217.62,219.6 1 0
github.com/infraLinkit/mediaplatform-datasource/src/domain/repository/campaign_management.go:219.11,222.6 1 0
github.com/infraLinkit/mediaplatform-datasource/src/domain/repository/campaign_management.go:223.10,225.5 1 0
github.com/infraLinkit/mediaplatform-datasource/src/domain/repository/campaign_management.go:226.9,229.4 1 0
github.com/infraLinkit/mediaplatform-datasource/src/domain/repository/campaign_management.go:231.3,231.57 1 0
github.com/infraLinkit/mediaplatform-datasource/src/domain/repository/campaign_management.go:231.57,233.4 1 0
github.com/infraLinkit/mediaplatform-datasource/src/domain/repository/campaign_management.go:235.3,235.73 1 0
github.com/infraLinkit/mediaplatform-datasource/src/domain/repository/campaign_management.go:235.73,241.4 1 0
github.com/infraLinkit/mediaplatform-datasource/src/domain/repository/campaign_management.go:243.3,245.4 1 0
github.com/infraLinkit/mediaplatform-datasource/src/domain/repository/campaign_management.go:248.2,249.41 2 0
github.com/infraLinkit/mediaplatform-datasource/src/domain/repository/campaign_management.go:249.41,250.39 1 0
github.com/infraLinkit/mediaplatform-datasource/src/domain/repository/campaign_management.go:250.39,252.4 1 0
github.com/infraLinkit/mediaplatform-datasource/src/domain/repository/campaign_management.go:256.2,256.50 1 0
github.com/infraLinkit/mediaplatform-datasource/src/domain/repository/campaign_management.go:256.50,257.53 1 0
github.com/infraLinkit/mediaplatform-datasource/src/domain/repository/campaign_management.go:257.53,259.4 1 0
github.com/infraLinkit/mediaplatform-datasource/src/domain/repository/campaign_management.go:260.3,260.55 1 0
github.com/infraLinkit/mediaplatform-datasource/src/domain/repository/campaign_management.go:263.2,264.23 2 0
github.com/infraLinkit/mediaplatform-datasource/src/domain/repository/campaign_management.go:267.81,279.2 3 0
github.com/infraLinkit/mediaplatform-datasource/src/domain/repository/campaign_spending_channel.go:46.57,48.41 2 0
github.com/infraLinkit/mediaplatform-datasource/src/domain/repository/campaign_spending_channel.go:48.41,49.73 1 0
github.com/infraLinkit/mediaplatform-datasource/src/domain/repository/campaign_spending_channel.go:49.73,51.4 1 0
github.com/infraLinkit/mediaplatform-datasource/src/domain/repository/campaign_spending_channel.go:53.2,53.13 1 0
github.com/infraLinkit/mediaplatform-datasource/src/domain/repository/campaign_spending_channel.go:56.108,58.43 2 0
github.com/infraLinkit/mediaplatform-datasource/src/domain/repository/campaign_spending_channel.go:59.15,60.28 1 0
github.com/infraLinkit/mediaplatform-datasource/src/domain/repository/campaign_spending_channel.go:61.19,63.32 2 0
github.com/infraLinkit/mediaplatform-datasource/src/domain/repository/campaign_spending_channel.go:64.35,66.14 2 0
github.com/infraLinkit/mediaplatform-datasource/src/domain/repository/campaign_spending_channel.go:67.37,69.14 2 0
github.com/infraLinkit/mediaplatform-datasource/src/domain/repository/campaign_spending_channel.go:70.20,72.14 2 0
github.com/infraLinkit/mediaplatform-datasource/src/domain/repository/campaign_spending_channel.go:73.20,76.98 3 0
github.com/infraLinkit/mediaplatform-datasource/src/domain/repository/campaign_spending_channel.go:77.22,81.21 4 0
github.com/infraLinkit/mediaplatform-datasource/src/domain/repository/campaign_spending_channel.go:81.21,83.4 1 0
github.com/infraLinkit/mediaplatform-datasource/src/domain/repository/campaign_spending_channel.go:84.3,84.18 1 0
github.com/infraLinkit/mediaplatform-datasource/src/domain/repository/campaign_spending_channel.go:84.18,86.4 1 0
github.com/infraLinkit/mediaplatform-datasource/src/domain/repository/campaign_spending_channel.go:87.3,87.18 1 0
github.com/infraLinkit/mediaplatform-datasource/src/domain/repository/campaign_spending_channel.go:87.18,89.4 1 0
github.com/infraLinkit/mediaplatform-datasource/src/domain/repository/campaign_spending_channel.go:90.10,92.14 2 0
github.com/infraLinkit/mediaplatform-datasource/src/domain/repository/campaign_spending_channel.go:94.2,94.19 1 0
github.com/infraLinkit/mediaplatform-datasource/src/domain/repository/campaign_spending_channel.go:99.77,103.26 3 0
github.com/infraLinkit/mediaplatform-datasource/src/domain/repository/campaign_spending_channel.go:103.26,105.3 1 0
github.com/infraLinkit/mediaplatform-datasource/src/domain/repository/campaign_spending_channel.go:107.2,143.16 6 0
github.com/infraLinkit/mediaplatform-datasource/src/domain/repository/campaign_spending_channel.go:143.16,174.3 4 0
github.com/infraLinkit/mediaplatform-datasource/src/domain/repository/campaign_spending_channel.go:174.8,176.3 1 0
github.com/infraLinkit/mediaplatform-datasource/src/domain/repository/campaign_spending_channel.go:178.2,178.87 1 0
github.com/infraLinkit/mediaplatform-datasource/src/domain/repository/campaign_spending_channel.go:178.87,180.27 2 0
github.com/infraLinkit/mediaplatform-datasource/src/domain/repository/campaign_spending_channel.go:180.27,182.34 2 0
github.com/infraLinkit/mediaplatform-datasource/src/domain/repository/campaign_spending_channel.go:182.34,184.5 1 0
github.com/infraLinkit/mediaplatform-datasource/src/domain/repository/campaign_spending_channel.go:185.4,190.5 2 0
github.com/infraLinkit/mediaplatform-datasource/src/domain/repository/campaign_spending_channel.go:194.2,195.16 2 0
github.com/infraLinkit/mediaplatform-datasource/src/domain/repository/campaign_spending_channel.go:195.16,198.3 2 0
github.com/infraLinkit/mediaplatform-datasource/src/domain/repository/campaign_spending_channel.go:199.2,202.19 3 0
github.com/infraLinkit/mediaplatform-datasource/src/domain/repository/campaign_spending_channel.go:202.19,205.3 2 0
github.com/infraLinkit/mediaplatform-datasource/src/domain/repository/campaign_spending_channel.go:206.2,211.21 4 0
github.com/infraLinkit/mediaplatform-datasource/src/domain/repository/campaign_spending_channel.go:211.21,231.21 3 0
github.com/infraLinkit/mediaplatform-datasource/src/domain/repository/campaign_spending_channel.go:231.21,234.4 2 0
github.com/infraLinkit/mediaplatform-datasource/src/domain/repository/campaign_spending_channel.go:235.3,247.5 1 0
github.com/infraLinkit/mediaplatform-datasource/src/domain/repository/campaign_spending_channel.go:250.2,250.44 1 0
github.com/infraLinkit/mediaplatform-datasource/src/domain/repository/campaign_spending_channel.go:250.44,253.3 2 0
github.com/infraLinkit/mediaplatform-datasource/src/domain/repository/campaign_spending_channel.go:255.2,258.40 2 0
github.com/infraLinkit/mediaplatform-datasource/src/domain/repository/campaign_spending_channel.go:263.49,264.18 1 0
github.com/infraLinkit/mediaplatform-datasource/src/domain/repository/campaign_spending_channel.go:265.24,266.53 1 0
github.com/infraLinkit/mediaplatform-datasource/src/domain/repository/campaign_spending_channel.go:267.23,268.52 1 0
github.com/infraLinkit/mediaplatform-datasource/src/domain/repository/campaign_spending_channel.go:269.10,270.13 1 0
github.com/infraLinkit/mediaplatform-datasource/src/domain/repository/campaign_spending_channel.go:274.48,276.2 1 0
github.com/infraLinkit/mediaplatform-datasource/src/domain/repository/campaign_spending_channel.go:278.77,280.26 2 0
github.com/infraLinkit/mediaplatform-datasource/src/domain/repository/campaign_spending_channel.go:280.26,282.3 1 0
github.com/infraLinkit/mediaplatform-datasource/src/domain/repository/campaign_spending_channel.go:283.2,283.27 1 0
github.com/infraLinkit/mediaplatform-datasource/src/domain/repository/campaign_spending_channel.go:283.27,285.3 1 0
github.com/infraLinkit/mediaplatform-datasource/src/domain/repository/campaign_spending_channel.go:286.2,286.30 1 0
github.com/infraLinkit/mediaplatform-datasource/src/domain/repository/campaign_spending_channel.go:286.30,288.3 1 0
github.com/infraLinkit/mediaplatform-datasource/src/domain/repository/campaign_spending_channel.go:289.2,289.26 1 0
github.com/infraLinkit/mediaplatform-datasource/src/domain/repository/campaign_spending_channel.go:289.26,291.3 1 0
github.com/infraLinkit/mediaplatform-datasource/src/domain/repository/campaign_spending_channel.go:292.2,292.38 1 0
github.com/infraLinkit/mediaplatform-datasource/src/domain/repository/campaign_spending_channel.go:295.78,297.26 2 0
github.com/infraLinkit/mediaplatform-datasource/src/domain/repository/campaign_spending_channel.go:297.26,299.3 1 0
github.com/infraLinkit/mediaplatform-datasource/src/domain/repository/campaign_spending_channel.go:300.2,300.27 1 0
github.com/infraLinkit/mediaplatform-datasource/src/domain/repository/campaign_spending_channel.go:300.27,302.3 1 0
github.com/infraLinkit/mediaplatform-datasource/src/domain/repository/campaign_spending_channel.go:303.2,303.26 1 0
github.com/infraLinkit/mediaplatform-datasource/src/domain/repository/campaign_spending_channel.go:303.26,305.3 1 0
github.com/infraLinkit/mediaplatform-datasource/src/domain/repository/campaign_spending_channel.go:306.2,306.38 1 0
github.com/infraLinkit/mediaplatform-datasource/src/domain/repository/campaign_spending_channel.go:309.27,311.2 1 0
github.com/infraLinkit/mediaplatform-datasource/src/domain/repository/country_service_management.go:11.60,13.2 1 0
github.com/infraLinkit/mediaplatform-datasource/src/domain/repository/country_service_management.go:15.60,17.2 1 0
github.com/infraLinkit/mediaplatform-datasource/src/domain/repository/country_service_management.go:19.48,21.2 1 0
github.com/infraLinkit/mediaplatform-datasource/src/domain/repository/country_service_management.go:23.98,32.20 3 0
github.com/infraLinkit/mediaplatform-datasource/src/domain/repository/country_service_management.go:32.20,35.3 2 0
github.com/infraLinkit/mediaplatform-datasource/src/domain/repository/country_service_management.go:38.2,41.16 3 0
github.com/infraLinkit/mediaplatform-datasource/src/domain/repository/country_service_management.go:41.16,43.3 1 0
github.com/infraLinkit/mediaplatform-datasource/src/domain/repository/country_service_management.go:45.2,49.18 4 0
github.com/infraLinkit/mediaplatform-datasource/src/domain/repository/country_service_management.go:49.18,53.3 3 0
github.com/infraLinkit/mediaplatform-datasource/src/domain/repository/country_service_management.go:55.2,55.35 1 0
github.com/infraLinkit/mediaplatform-datasource/src/domain/repository/country_service_management.go:58.65,60.53 2 0
github.com/infraLinkit/mediaplatform-datasource/src/domain/repository/country_service_management.go:60.53,62.3 1 0
github.com/infraLinkit/mediaplatform-datasource/src/domain/repository/country_service_management.go:63.2,63.19 1 0
github.com/infraLinkit/mediaplatform-datasource/src/domain/repository/country_service_management.go:66.66,68.2 1 0
github.com/infraLinkit/mediaplatform-datasource/src/domain/repository/country_service_management.go:70.66,72.2 1 0
github.com/infraLinkit/mediaplatform-datasource/src/domain/repository/country_service_management.go:74.50,76.2 1 0
github.com/infraLinkit/mediaplatform-datasource/src/domain/repository/country_service_management.go:78.102,87.20 3 0
github.com/infraLinkit/mediaplatform-datasource/src/domain/repository/country_service_management.go:87.20,90.3 2 0
github.com/infraLinkit/mediaplatform-datasource/src/domain/repository/country_service_management.go:93.2,96.16 3 0
github.com/infraLinkit/mediaplatform-datasource/src/domain/repository/country_service_management.go:96.16,98.3 1 0
github.com/infraLinkit/mediaplatform-datasource/src/domain/repository/country_service_management.go:100.2,104.18 4 0
github.com/infraLinkit/mediaplatform-datasource/src/domain/repository/country_service_management.go:104.18,108.3 3 0
github.com/infraLinkit/mediaplatform-datasource/src/domain/repository/country_service_management.go:110.2,110.35 1 0
github.com/infraLinkit/mediaplatform-datasource/src/domain/repository/country_service_management.go:113.75,124.2 4 0
github.com/infraLinkit/mediaplatform-datasource/src/domain/repository/country_service_management.go:126.106,135.20 3 0
github.com/infraLinkit/mediaplatform-datasource/src/domain/repository/country_service_management.go:135.20,138.3 2 0
github.com/infraLinkit/mediaplatform-datasource/src/domain/repository/country_service_management.go:141.2,144.16 3 0
github.com/infraLinkit/mediaplatform-datasource/src/domain/repository/country_service_management.go:144.16,146.3 1 0
github.com/infraLinkit/mediaplatform-datasource/src/domain/repository/country_service_management.go:148.2,152.18 4 0
github.com/infraLinkit/mediaplatform-datasource/src/domain/repository/country_service_management.go:152.18,156.3 3 0
github.com/infraLinkit/mediaplatform-datasource/src/domain/repository/country_service_management.go:158.2,158.35 1 0
github.com/infraLinkit/mediaplatform-datasource/src/domain/repository/country_service_management.go:161.66,163.2 1 0
github.com/infraLinkit/mediaplatform-datasource/src/domain/repository/country_service_management.go:165.66,167.2 1 0
github.com/infraLinkit/mediaplatform-datasource/src/domain/repository/country_service_management.go:169.50,171.2 1 0
github.com/infraLinkit/mediaplatform-datasource/src/domain/repository/country_service_management.go:173.109,182.20 3 0
github.com/infraLinkit/mediaplatform-datasource/src/domain/repository/country_service_management.go:182.20,185.3 2 0
github.com/infraLinkit/mediaplatform-datasource/src/domain/repository/country_service_management.go:186.2,188.45 2 0
github.com/infraLinkit/mediaplatform-datasource/src/domain/repository/country_service_management.go:188.45,190.3 1 0
github.com/infraLinkit/mediaplatform-datasource/src/domain/repository/country_service_management.go:191.2,197.16 4 0
github.com/infraLinkit/mediaplatform-datasource/src/domain/repository/country_service_management.go:197.16,199.3 1 0
github.com/infraLinkit/mediaplatform-datasource/src/domain/repository/country_service_management.go:201.2,205.18 4 0
github.com/infraLinkit/mediaplatform-datasource/src/domain/repository/country_service_management.go:205.18,209.3 3 0
github.com/infraLinkit/mediaplatform-datasource/src/domain/repository/country_service_management.go:211.2,211.35 1 0
github.com/infraLinkit/mediaplatform-datasource/src/domain/repository/country_service_management.go:214.63,216.2 1 0
github.com/infraLinkit/mediaplatform-datasource/src/domain/repository/country_service_management.go:218.63,220.2 1 0
github.com/infraLinkit/mediaplatform-datasource/src/domain/repository/country_service_management.go:222.49,224.2 1 0
github.com/infraLinkit/mediaplatform-datasource/src/domain/repository/country_service_management.go:226.100,235.20 3 0
github.com/infraLinkit/mediaplatform-datasource/src/domain/repository/country_service_management.go:235.20,238.3 2 0
github.com/infraLinkit/mediaplatform-datasource/src/domain/repository/country_service_management.go:241.2,244.16 3 0
github.com/infraLinkit/mediaplatform-datasource/src/domain/repository/country_service_management.go:244.16,246.3 1 0
github.com/infraLinkit/mediaplatform-datasource/src/domain/repository/country_service_management.go:248.2,252.18 4 0
github.com/infraLinkit/mediaplatform-datasource/src/domain/repository/country_service_management.go:252.18,256.3 3 0
github.com/infraLinkit/mediaplatform-datasource/src/domain/repository/country_service_management.go:258.2,258.35 1 0
github.com/infraLinkit/mediaplatform-datasource/src/domain/repository/country_service_management.go:261.69,263.2 1 0
github.com/infraLinkit/mediaplatform-datasource/src/domain/repository/country_service_management.go:265.69,267.2 1 0
github.com/infraLinkit/mediaplatform-datasource/src/domain/repository/country_service_management.go:269.51,271.2 1 0
github.com/infraLinkit/mediaplatform-datasource/src/domain/repository/country_service_management.go:273.104,282.20 3 0
github.com/infraLinkit/mediaplatform-datasource/src/domain/repository/country_service_management.go:282.20,285.3 2 0
github.com/infraLinkit/mediaplatform-datasource/src/domain/repository/country_service_management.go:288.2,291.16 3 0
github.com/infraLinkit/mediaplatform-datasource/src/domain/repository/country_service_management.go:291.16,293.3 1 0
github.com/infraLinkit/mediaplatform-datasource/src/domain/repository/country_service_management.go:295.2,299.18 4 0
github.com/infraLinkit/mediaplatform-datasource/src/domain/repository/country_service_management.go:299.18,303.3 3 0
github.com/infraLinkit/mediaplatform-datasource/src/domain/repository/country_service_management.go:305.2,305.35 1 0
github.com/infraLinkit/mediaplatform-datasource/src/domain/repository/country_service_management.go:308.66,310.2 1 0
github.com/infraLinkit/mediaplatform-datasource/src/domain/repository/country_service_management.go:312.66,314.2 1 0
github.com/infraLinkit/mediaplatform-datasource/src/domain/repository/country_service_management.go:316.50,318.2 1 0
github.com/infraLinkit/mediaplatform-datasource/src/domain/repository/country_service_management.go:320.102,329.20 3 0
github.com/infraLinkit/mediaplatform-datasource/src/domain/repository/country_service_management.go:329.20,339.3 2 0
github.com/infraLinkit/mediaplatform-datasource/src/domain/repository/country_service_management.go:342.2,345.16 3 0
github.com/infraLinkit/mediaplatform-datasource/src/domain/repository/country_service_management.go:345.16,347.3 1 0
github.com/infraLinkit/mediaplatform-datasource/src/domain/repository/country_service_management.go:349.2,353.18 4 0
github.com/infraLinkit/mediaplatform-datasource/src/domain/repository/country_service_management.go:353.18,357.3 3 0
github.com/infraLinkit/mediaplatform-datasource/src/domain/repository/country_service_management.go:359.2,359.35 1 0
github.com/infraLinkit/mediaplatform-datasource/src/domain/repository/country_service_management.go:362.66,364.2 1 0
github.com/infraLinkit/mediaplatform-datasource/src/domain/repository/country_service_management.go:366.66,368.2 1 0
github.com/infraLinkit/mediaplatform-datasource/src/domain/repository/country_service_management.go:370.50,372.2 1 0
github.com/infraLinkit/mediaplatform-datasource/src/domain/repository/country_service_management.go:374.102,383.20 3 0
github.com/infraLinkit/mediaplatform-datasource/src/domain/repository/country_service_management.go:383.20,389.3 2 0
github.com/infraLinkit/mediaplatform-datasource/src/domain/repository/country_service_management.go:392.2,395.16 3 0
github.com/infraLinkit/mediaplatform-datasource/src/domain/repository/country_service_management.go:395.16,397.3 1 0
github.com/infraLinkit/mediaplatform-datasource/src/domain/repository/country_service_management.go:399.2,403.18 4 0
github.com/infraLinkit/mediaplatform-datasource/src/domain/repository/country_service_management.go:403.18,407.3 3 0
github.com/infraLinkit/mediaplatform-datasource/src/domain/repository/country_service_management.go:409.2,409.35 1 0
github.com/infraLinkit/mediaplatform-datasource/src/domain/repository/country_service_management.go:412.73,414.2 1 0
github.com/infraLinkit/mediaplatform-datasource/src/domain/repository/country_service_management.go:416.73,418.2 1 0
github.com/infraLinkit/mediaplatform-datasource/src/domain/repository/country_service_management.go:420.52,422.2 1 0
github.com/infraLinkit/mediaplatform-datasource/src/domain/repository/country_service_management.go:424.67,431.16 4 0
github.com/infraLinkit/mediaplatform-datasource/src/domain/repository/country_service_management.go:431.16,433.3 1 0
github.com/infraLinkit/mediaplatform-datasource/src/domain/repository/country_service_management.go:435.2,436.18 2 0
github.com/infraLinkit/mediaplatform-datasource/src/domain/repository/country_service_management.go:436.18,440.3 3 0
github.com/infraLinkit/mediaplatform-datasource/src/domain/repository/country_service_management.go:441.2,441.32 1 0
github.com/infraLinkit/mediaplatform-datasource/src/domain/repository/country_service_management.go:444.106,454.20 4 0
github.com/infraLinkit/mediaplatform-datasource/src/domain/repository/country_service_management.go:454.20,459.3 2 0
github.com/infraLinkit/mediaplatform-datasource/src/domain/repository/country_service_management.go:462.2,465.16 3 0
github.com/infraLinkit/mediaplatform-datasource/src/domain/repository/country_service_management.go:465.16,467.3 1 0
github.com/infraLinkit/mediaplatform-datasource/src/domain/repository/country_service_management.go:469.2,474.18 4 0
github.com/infraLinkit/mediaplatform-datasource/src/domain/repository/country_service_management.go:474.18,478.3 3 0
github.com/infraLinkit/mediaplatform-datasource/src/domain/repository/country_service_management.go:480.2,480.35 1 0
github.com/infraLinkit/mediaplatform-datasource/src/domain/repository/country_service_management.go:483.112,495.20 3 0
github.com/infraLinkit/mediaplatform-datasource/src/domain/repository/country_service_management.go:495.20,501.3 2 0
github.com/infraLinkit/mediaplatform-datasource/src/domain/repository/country_service_management.go:504.2,507.20 2 0
github.com/infraLinkit/mediaplatform-datasource/src/domain/repository/country_service_management.go:507.20,509.17 2 0
github.com/infraLinkit/mediaplatform-datasource/src/domain/repository/country_service_management.go:509.17,511.4 1 0
github.com/infraLinkit/mediaplatform-datasource/src/domain/repository/country_service_management.go:514.2,517.16 2 0
github.com/infraLinkit/mediaplatform-datasource/src/domain/repository/country_service_management.go:517.16,519.3 1 0
github.com/infraLinkit/mediaplatform-datasource/src/domain/repository/country_service_management.go:520.2,523.18 3 0
github.com/infraLinkit/mediaplatform-datasource/src/domain/repository/country_service_management.go:523.18,527.3 3 0
github.com/infraLinkit/mediaplatform-datasource/src/domain/repository/country_service_management.go:529.2,529.38 1 0
github.com/infraLinkit/mediaplatform-datasource/src/domain/repository/country_service_management.go:532.115,544.20 3 0
github.com/infraLinkit/mediaplatform-datasource/src/domain/repository/country_service_management.go:544.20,550.3 2 0
github.com/infraLinkit/mediaplatform-datasource/src/domain/repository/country_service_management.go:553.2,556.20 2 0
github.com/infraLinkit/mediaplatform-datasource/src/domain/repository/country_service_management.go:556.20,558.17 2 0
github.com/infraLinkit/mediaplatform-datasource/src/domain/repository/country_service_management.go:558.17,560.4 1 0
github.com/infraLinkit/mediaplatform-datasource/src/domain/repository/country_service_management.go:563.2,566.16 2 0
github.com/infraLinkit/mediaplatform-datasource/src/domain/repository/country_service_management.go:566.16,568.3 1 0
github.com/infraLinkit/mediaplatform-datasource/src/domain/repository/country_service_management.go:569.2,572.18 3 0
github.com/infraLinkit/mediaplatform-datasource/src/domain/repository/country_service_management.go:572.18,576.3 3 0
github.com/infraLinkit/mediaplatform-datasource/src/domain/repository/country_service_management.go:578.2,578.38 1 0
github.com/infraLinkit/mediaplatform-datasource/src/domain/repository/country_service_management.go:581.114,593.20 3 0
github.com/infraLinkit/mediaplatform-datasource/src/domain/repository/country_service_management.go:593.20,599.3 2 0
github.com/infraLinkit/mediaplatform-datasource/src/domain/repository/country_service_management.go:602.2,605.20 2 0
github.com/infraLinkit/mediaplatform-datasource/src/domain/repository/country_service_management.go:605.20,607.17 2 0
github.com/infraLinkit/mediaplatform-datasource/src/domain/repository/country_service_management.go:607.17,609.4 1 0
github.com/infraLinkit/mediaplatform-datasource/src/domain/repository/country_service_management.go:612.2,615.16 2 0
github.com/infraLinkit/mediaplatform-datasource/src/domain/repository/country_service_management.go:615.16,617.3 1 0
github.com/infraLinkit/mediaplatform-datasource/src/domain/repository/country_service_management.go:618.2,621.18 3 0
github.com/infraLinkit/mediaplatform-datasource/src/domain/repository/country_service_management.go:621.18,625.3 3 0
github.com/infraLinkit/mediaplatform-datasource/src/domain/repository/country_service_management.go:627.2,627.38 1 0
github.com/infraLinkit/mediaplatform-datasource/src/domain/repository/country_service_management.go:630.100,639.20 3 0
github.com/infraLinkit/mediaplatform-datasource/src/domain/repository/country_service_management.go:639.20,642.3 2 0
github.com/infraLinkit/mediaplatform-datasource/src/domain/repository/country_service_management.go:645.2,648.16 3 0
github.com/infraLinkit/mediaplatform-datasource/src/domain/repository/country_service_management.go:648.16,650.3 1 0
github.com/infraLinkit/mediaplatform-datasource/src/domain/repository/country_service_management.go:652.2,656.18 4 0
github.com/infraLinkit/mediaplatform-datasource/src/domain/repository/country_service_management.go:656.18,660.3 3 0
github.com/infraLinkit/mediaplatform-datasource/src/domain/repository/country_service_management.go:662.2,662.35 1 0
github.com/infraLinkit/mediaplatform-datasource/src/domain/repository/country_service_management.go:665.63,667.2 1 0
github.com/infraLinkit/mediaplatform-datasource/src/domain/repository/country_service_management.go:669.63,674.37 2 0
github.com/infraLinkit/mediaplatform-datasource/src/domain/repository/country_service_management.go:674.37,677.3 2 0
github.com/infraLinkit/mediaplatform-datasource/src/domain/repository/country_service_management.go:679.2,681.54 1 0
github.com/infraLinkit/mediaplatform-datasource/src/domain/repository/country_service_management.go:681.54,684.3 2 0
github.com/infraLinkit/mediaplatform-datasource/src/domain/repository/country_service_management.go:686.2,686.26 1 0
github.com/infraLinkit/mediaplatform-datasource/src/domain/repository/country_service_management.go:689.49,691.2 1 0
github.com/infraLinkit/mediaplatform-datasource/src/domain/repository/country_service_management.go:693.102,702.20 3 0
github.com/infraLinkit/mediaplatform-datasource/src/domain/repository/country_service_management.go:702.20,705.3 2 0
github.com/infraLinkit/mediaplatform-datasource/src/domain/repository/country_service_management.go:708.2,711.16 3 0
github.com/infraLinkit/mediaplatform-datasource/src/domain/repository/country_service_management.go:711.16,713.3 1 0
github.com/infraLinkit/mediaplatform-datasource/src/domain/repository/country_service_management.go:715.2,719.18 4 0
github.com/infraLinkit/mediaplatform-datasource/src/domain/repository/country_service_management.go:719.18,723.3 3 0
github.com/infraLinkit/mediaplatform-datasource/src/domain/repository/country_service_management.go:725.2,725.35 1 0
github.com/infraLinkit/mediaplatform-datasource/src/domain/repository/country_service_management.go:728.66,730.2 1 0
github.com/infraLinkit/mediaplatform-datasource/src/domain/repository/country_service_management.go:732.66,734.2 1 0
github.com/infraLinkit/mediaplatform-datasource/src/domain/repository/country_service_management.go:736.50,738.2 1 0
github.com/infraLinkit/mediaplatform-datasource/src/domain/repository/country_service_management.go:740.118,749.20 3 0
github.com/infraLinkit/mediaplatform-datasource/src/domain/repository/country_service_management.go:749.20,752.3 2 0
github.com/infraLinkit/mediaplatform-datasource/src/domain/repository/country_service_management.go:755.2,758.16 3 0
github.com/infraLinkit/mediaplatform-datasource/src/domain/repository/country_service_management.go:758.16,760.3 1 0
github.com/infraLinkit/mediaplatform-datasource/src/domain/repository/country_service_management.go:762.2,766.18 4 0
github.com/infraLinkit/mediaplatform-datasource/src/domain/repository/country_service_management.go:766.18,770.3 3 0
github.com/infraLinkit/mediaplatform-datasource/src/domain/repository/country_service_management.go:772.2,772.35 1 0
github.com/infraLinkit/mediaplatform-datasource/src/domain/repository/country_service_management.go:775.90,777.2 1 0
github.com/infraLinkit/mediaplatform-datasource/src/domain/repository/country_service_management.go:779.90,781.2 1 0
github.com/infraLinkit/mediaplatform-datasource/src/domain/repository/country_service_management.go:783.58,785.2 1 0
github.com/infraLinkit/mediaplatform-datasource/src/domain/repository/country_service_management.go:787.87,789.63 2 0
github.com/infraLinkit/mediaplatform-datasource/src/domain/repository/country_service_management.go:789.63,791.3 1 0
github.com/infraLinkit/mediaplatform-datasource/src/domain/repository/country_service_management.go:792.2,792.30 1 0
github.com/infraLinkit/mediaplatform-datasource/src/domain/repository/country_service_management.go:795.114,804.20 3 0
github.com/infraLinkit/mediaplatform-datasource/src/domain/repository/country_service_management.go:804.20,807.3 2 0
github.com/infraLinkit/mediaplatform-datasource/src/domain/repository/country_service_management.go:810.2,813.16 3 0
github.com/infraLinkit/mediaplatform-datasource/src/domain/repository/country_service_management.go:813.16,815.3 1 0
github.com/infraLinkit/mediaplatform-datasource/src/domain/repository/country_service_management.go:817.2,821.18 4 0
github.com/infraLinkit/mediaplatform-datasource/src/domain/repository/country_service_management.go:821.18,825.3 3 0
github.com/infraLinkit/mediaplatform-datasource/src/domain/repository/country_service_management.go:827.2,827.35 1 0
github.com/infraLinkit/mediaplatform-datasource/src/domain/repository/country_service_management.go:830.81,832.2 1 0
github.com/infraLinkit/mediaplatform-datasource/src/domain/repository/country_service_management.go:834.81,836.2 1 0
github.com/infraLinkit/mediaplatform-datasource/src/domain/repository/country_service_management.go:838.55,840.2 1 0
github.com/infraLinkit/mediaplatform-datasource/src/domain/repository/country_service_management.go:842.119,851.20 3 0
github.com/infraLinkit/mediaplatform-datasource/src/domain/repository/country_service_management.go:851.20,854.3 2 0
github.com/infraLinkit/mediaplatform-datasource/src/domain/repository/country_service_management.go:855.2,857.45 2 0
github.com/infraLinkit/mediaplatform-datasource/src/domain/repository/country_service_management.go:857.45,859.3 1 0
github.com/infraLinkit/mediaplatform-datasource/src/domain/repository/country_service_management.go:860.2,866.16 4 0
github.com/infraLinkit/mediaplatform-datasource/src/domain/repository/country_service_management.go:866.16,868.3 1 0
github.com/infraLinkit/mediaplatform-datasource/src/domain/repository/country_service_management.go:870.2,874.18 4 0
github.com/infraLinkit/mediaplatform-datasource/src/domain/repository/country_service_management.go:874.18,878.3 3 0
github.com/infraLinkit/mediaplatform-datasource/src/domain/repository/country_service_management.go:880.2,880.35 1 0
github.com/infraLinkit/mediaplatform-datasource/src/domain/repository/cpa_report.go:13.189,49.31 8 0
github.com/infraLinkit/mediaplatform-datasource/src/domain/repository/cpa_report.go:49.31,52.3 2 0
github.com/infraLinkit/mediaplatform-datasource/src/domain/repository/cpa_report.go:52.8,55.3 2 0
github.com/infraLinkit/mediaplatform-datasource/src/domain/repository/cpa_report.go:59.2,59.26 1 0
github.com/infraLinkit/mediaplatform-datasource/src/domain/repository/cpa_report.go:59.26,60.25 1 0
github.com/infraLinkit/mediaplatform-datasource/src/domain/repository/cpa_report.go:60.25,63.4 2 0
github.com/infraLinkit/mediaplatform-datasource/src/domain/repository/cpa_report.go:64.3,64.28 1 0
github.com/infraLinkit/mediaplatform-datasource/src/domain/repository/cpa_report.go:64.28,67.4 2 0
github.com/infraLinkit/mediaplatform-datasource/src/domain/repository/cpa_report.go:68.3,68.22 1 0
github.com/infraLinkit/mediaplatform-datasource/src/domain/repository/cpa_report.go:68.22,71.4 2 0
github.com/infraLinkit/mediaplatform-datasource/src/domain/repository/cpa_report.go:72.3,72.22 1 0
github.com/infraLinkit/mediaplatform-datasource/src/domain/repository/cpa_report.go:72.22,75.4 2 0
github.com/infraLinkit/mediaplatform-datasource/src/domain/repository/cpa_report.go:76.3,76.25 1 0
github.com/infraLinkit/mediaplatform-datasource/src/domain/repository/cpa_report.go:76.25,79.4 2 0
github.com/infraLinkit/mediaplatform-datasource/src/domain/repository/cpa_report.go:80.3,80.23 1 0
github.com/infraLinkit/mediaplatform-datasource/src/domain/repository/cpa_report.go:80.23,83.4 2 0
github.com/infraLinkit/mediaplatform-datasource/src/domain/repository/cpa_report.go:84.3,84.27 1 0
github.com/infraLinkit/mediaplatform-datasource/src/domain/repository/cpa_report.go:84.27,87.4 2 0
github.com/infraLinkit/mediaplatform-datasource/src/domain/repository/cpa_report.go:88.3,88.22 1 0
github.com/infraLinkit/mediaplatform-datasource/src/domain/repository/cpa_report.go:88.22,91.4 2 0
github.com/infraLinkit/mediaplatform-datasource/src/domain/repository/cpa_report.go:92.3,92.24 1 0
github.com/infraLinkit/mediaplatform-datasource/src/domain/repository/cpa_report.go:92.24,95.4 2 0
github.com/infraLinkit/mediaplatform-datasource/src/domain/repository/cpa_report.go:96.3,96.22 1 0
[...]
github.com/infraLinkit/mediaplatform-datasource/src/helper/http.go:51.2,51.11 1 2
github.com/infraLinkit/mediaplatform-datasource/src/helper/http.go:55.50,58.16 3 0
github.com/infraLinkit/mediaplatform-datasource/src/helper/http.go:58.16,60.3 1 0
github.com/infraLinkit/mediaplatform-datasource/src/helper/http.go:60.8,62.3 1 0
github.com/infraLinkit/mediaplatform-datasource/src/helper/http.go:64.2,64.12 1 0
github.com/infraLinkit/mediaplatform-datasource/src/helper/http.go:67.50,69.16 2 0
github.com/infraLinkit/mediaplatform-datasource/src/helper/http.go:69.16,72.3 1 0
github.com/infraLinkit/mediaplatform-datasource/src/helper/http.go:72.8,75.3 1 0
github.com/infraLinkit/mediaplatform-datasource/src/helper/http.go:79.39,85.83 2 8
github.com/infraLinkit/mediaplatform-datasource/src/helper/http.go:85.83,87.3 1 1
github.com/infraLinkit/mediaplatform-datasource/src/helper/http.go:89.2,109.16 3 8
github.com/infraLinkit/mediaplatform-datasource/src/helper/http.go:113.103,127.16 5 3
github.com/infraLinkit/mediaplatform-datasource/src/helper/http.go:127.16,129.3 1 0
github.com/infraLinkit/mediaplatform-datasource/src/helper/http.go:130.2,130.23 1 3
github.com/infraLinkit/mediaplatform-datasource/src/helper/http.go:130.23,131.29 1 0
github.com/infraLinkit/mediaplatform-datasource/src/helper/http.go:131.29,133.25 1 0
github.com/infraLinkit/mediaplatform-datasource/src/helper/http.go:133.25,136.5 2 0
github.com/infraLinkit/mediaplatform-datasource/src/helper/http.go:136.10,138.5 1 0
github.com/infraLinkit/mediaplatform-datasource/src/helper/http.go:141.2,153.35 3 3
github.com/infraLinkit/mediaplatform-datasource/src/helper/http.go:153.35,153.106 1 3
github.com/infraLinkit/mediaplatform-datasource/src/helper/http.go:154.47,154.115 1 0
github.com/infraLinkit/mediaplatform-datasource/src/helper/http.go:155.46,155.110 1 0
github.com/infraLinkit/mediaplatform-datasource/src/helper/http.go:156.44,158.4 1 0
github.com/infraLinkit/mediaplatform-datasource/src/helper/http.go:159.54,161.4 1 0
github.com/infraLinkit/mediaplatform-datasource/src/helper/http.go:162.45,162.102 1 2
github.com/infraLinkit/mediaplatform-datasource/src/helper/http.go:164.2,168.16 4 3
github.com/infraLinkit/mediaplatform-datasource/src/helper/http.go:168.16,170.3 1 1
github.com/infraLinkit/mediaplatform-datasource/src/helper/http.go:171.2,171.21 1 2
github.com/infraLinkit/mediaplatform-datasource/src/helper/http.go:171.21,173.3 1 0
github.com/infraLinkit/mediaplatform-datasource/src/helper/http.go:176.2,178.42 2 2
github.com/infraLinkit/mediaplatform-datasource/src/helper/http.go:178.42,181.3 1 1
github.com/infraLinkit/mediaplatform-datasource/src/helper/http.go:183.2,184.16 2 1
github.com/infraLinkit/mediaplatform-datasource/src/helper/http.go:184.16,187.3 1 0
github.com/infraLinkit/mediaplatform-datasource/src/helper/http.go:189.2,199.68 7 1
github.com/infraLinkit/mediaplatform-datasource/src/helper/http.go:203.117,217.16 5 2
github.com/infraLinkit/mediaplatform-datasource/src/helper/http.go:217.16,219.3 1 0
github.com/infraLinkit/mediaplatform-datasource/src/helper/http.go:222.2,222.23 1 2
github.com/infraLinkit/mediaplatform-datasource/src/helper/http.go:222.23,223.29 1 1
github.com/infraLinkit/mediaplatform-datasource/src/helper/http.go:223.29,225.25 1 1
github.com/infraLinkit/mediaplatform-datasource/src/helper/http.go:225.25,228.5 2 0
github.com/infraLinkit/mediaplatform-datasource/src/helper/http.go:228.10,230.5 1 1
github.com/infraLinkit/mediaplatform-datasource/src/helper/http.go:234.2,246.35 3 2
github.com/infraLinkit/mediaplatform-datasource/src/helper/http.go:246.35,246.106 1 2
github.com/infraLinkit/mediaplatform-datasource/src/helper/http.go:247.47,247.115 1 0
github.com/infraLinkit/mediaplatform-datasource/src/helper/http.go:248.46,248.110 1 0
github.com/infraLinkit/mediaplatform-datasource/src/helper/http.go:249.44,251.4 1 0
github.com/infraLinkit/mediaplatform-datasource/src/helper/http.go:252.54,254.4 1 0
github.com/infraLinkit/mediaplatform-datasource/src/helper/http.go:255.45,255.102 1 1
github.com/infraLinkit/mediaplatform-datasource/src/helper/http.go:257.2,261.16 4 2
github.com/infraLinkit/mediaplatform-datasource/src/helper/http.go:261.16,263.3 1 1
github.com/infraLinkit/mediaplatform-datasource/src/helper/http.go:264.2,264.21 1 1
github.com/infraLinkit/mediaplatform-datasource/src/helper/http.go:264.21,266.3 1 0
github.com/infraLinkit/mediaplatform-datasource/src/helper/http.go:269.2,271.42 2 1
github.com/infraLinkit/mediaplatform-datasource/src/helper/http.go:271.42,274.3 1 0
github.com/infraLinkit/mediaplatform-datasource/src/helper/http.go:276.2,277.16 2 1
github.com/infraLinkit/mediaplatform-datasource/src/helper/http.go:277.16,280.3 1 0
github.com/infraLinkit/mediaplatform-datasource/src/helper/http.go:282.2,292.68 7 1
github.com/infraLinkit/mediaplatform-datasource/src/helper/logrus.go:33.68,35.25 2 0
github.com/infraLinkit/mediaplatform-datasource/src/helper/logrus.go:35.25,37.3 1 0
github.com/infraLinkit/mediaplatform-datasource/src/helper/logrus.go:37.8,39.3 1 0
github.com/infraLinkit/mediaplatform-datasource/src/helper/logrus.go:40.2,46.23 5 0
github.com/infraLinkit/mediaplatform-datasource/src/helper/logrus.go:49.41,51.16 2 0
github.com/infraLinkit/mediaplatform-datasource/src/helper/logrus.go:51.16,52.21 1 0
github.com/infraLinkit/mediaplatform-datasource/src/helper/logrus.go:54.2,55.15 2 0
github.com/infraLinkit/mediaplatform-datasource/src/helper/logrus.go:55.15,57.3 1 0
github.com/infraLinkit/mediaplatform-datasource/src/helper/logrus.go:57.8,59.3 1 0
github.com/infraLinkit/mediaplatform-datasource/src/helper/logrus.go:60.2,62.27 2 0
github.com/infraLinkit/mediaplatform-datasource/src/helper/logrus.go:62.27,64.3 1 0
github.com/infraLinkit/mediaplatform-datasource/src/helper/logrus.go:64.8,64.31 1 0
github.com/infraLinkit/mediaplatform-datasource/src/helper/logrus.go:64.31,69.3 1 0
github.com/infraLinkit/mediaplatform-datasource/src/helper/logrus.go:71.2,72.23 2 0
github.com/infraLinkit/mediaplatform-datasource/src/helper/logrus.go:72.23,74.3 1 0
github.com/infraLinkit/mediaplatform-datasource/src/helper/logrus.go:74.8,74.31 1 0
github.com/infraLinkit/mediaplatform-datasource/src/helper/logrus.go:74.31,76.3 1 0
github.com/infraLinkit/mediaplatform-datasource/src/helper/logrus.go:76.8,76.30 1 0
github.com/infraLinkit/mediaplatform-datasource/src/helper/logrus.go:76.30,78.3 1 0
github.com/infraLinkit/mediaplatform-datasource/src/helper/logrus.go:78.8,78.31 1 0
github.com/infraLinkit/mediaplatform-datasource/src/helper/logrus.go:78.31,80.3 1 0
github.com/infraLinkit/mediaplatform-datasource/src/helper/logrus.go:80.8,80.31 1 0
github.com/infraLinkit/mediaplatform-datasource/src/helper/logrus.go:80.31,82.3 1 0
github.com/infraLinkit/mediaplatform-datasource/src/helper/logrus.go:82.8,82.31 1 0
github.com/infraLinkit/mediaplatform-datasource/src/helper/logrus.go:82.31,84.3 1 0
github.com/infraLinkit/mediaplatform-datasource/src/helper/logrus.go:84.8,84.31 1 0
github.com/infraLinkit/mediaplatform-datasource/src/helper/logrus.go:84.31,86.3 1 0
github.com/infraLinkit/mediaplatform-datasource/src/helper/logrus.go:97.2,97.15 1 0
github.com/infraLinkit/mediaplatform-datasource/src/helper/redis_safe.go:13.63,14.14 1 1
github.com/infraLinkit/mediaplatform-datasource/src/helper/redis_safe.go:14.14,16.3 1 1
github.com/infraLinkit/mediaplatform-datasource/src/helper/redis_safe.go:17.2,18.36 2 0
github.com/infraLinkit/mediaplatform-datasource/src/helper/redis_safe.go:18.36,20.3 1 0
github.com/infraLinkit/mediaplatform-datasource/src/helper/redis_safe.go:21.2,22.13 2 0
github.com/infraLinkit/mediaplatform-datasource/src/helper/redis_safe.go:22.13,24.3 1 0
github.com/infraLinkit/mediaplatform-datasource/src/helper/redis_safe.go:25.2,25.16 1 0
github.com/infraLinkit/mediaplatform-datasource/src/helper/redis_safe.go:29.79,30.14 1 1
github.com/infraLinkit/mediaplatform-datasource/src/helper/redis_safe.go:30.14,32.3 1 1
github.com/infraLinkit/mediaplatform-datasource/src/helper/redis_safe.go:33.2,33.44 1 0
github.com/infraLinkit/mediaplatform-datasource/src/helper/redis_safe.go:37.52,38.32 1 2
github.com/infraLinkit/mediaplatform-datasource/src/helper/redis_safe.go:38.32,40.3 1 2
github.com/infraLinkit/mediaplatform-datasource/src/helper/redis_safe.go:41.2,41.16 1 0
github.com/infraLinkit/mediaplatform-datasource/src/helper/redis_safe.go:45.99,46.14 1 1
github.com/infraLinkit/mediaplatform-datasource/src/helper/redis_safe.go:46.14,48.3 1 1
github.com/infraLinkit/mediaplatform-datasource/src/helper/redis_safe.go:49.2,50.17 2 0
github.com/infraLinkit/mediaplatform-datasource/src/helper/redis_safe.go:50.17,52.3 1 0
github.com/infraLinkit/mediaplatform-datasource/src/helper/redis_safe.go:53.2,54.29 2 0
github.com/infraLinkit/mediaplatform-datasource/src/helper/redis_safe.go:54.29,56.3 1 0
github.com/infraLinkit/mediaplatform-datasource/src/helper/redis_safe.go:57.2,57.18 1 0
github.com/infraLinkit/mediaplatform-datasource/src/helper/redis_safe.go:61.82,62.14 1 1
github.com/infraLinkit/mediaplatform-datasource/src/helper/redis_safe.go:62.14,64.3 1 1
github.com/infraLinkit/mediaplatform-datasource/src/helper/redis_safe.go:65.2,66.17 2 0
github.com/infraLinkit/mediaplatform-datasource/src/helper/redis_safe.go:66.17,68.3 1 0
github.com/infraLinkit/mediaplatform-datasource/src/helper/redis_safe.go:69.2,70.16 2 0
github.com/infraLinkit/mediaplatform-datasource/src/helper/redis_safe.go:70.16,72.3 1 0
github.com/infraLinkit/mediaplatform-datasource/src/helper/redis_safe.go:73.2,73.14 1 0
github.com/infraLinkit/mediaplatform-datasource/src/helper/sig.go:21.28,27.20 3 0
github.com/infraLinkit/mediaplatform-datasource/src/helper/sig.go:28.10,30.82 1 0
github.com/infraLinkit/mediaplatform-datasource/src/helper/sig.go:32.22,33.57 1 0
github.com/infraLinkit/mediaplatform-datasource/src/helper/sig.go:35.22,36.76 1 0
github.com/infraLinkit/mediaplatform-datasource/src/helper/sig.go:38.23,39.89 1 0
github.com/infraLinkit/mediaplatform-datasource/src/helper/sig.go:41.23,42.89 1 0
github.com/infraLinkit/mediaplatform-datasource/src/helper/sig.go:44.23,45.63 1 0
github.com/infraLinkit/mediaplatform-datasource/src/helper/sig.go:47.23,48.71 1 0
github.com/infraLinkit/mediaplatform-datasource/src/helper/sig.go:50.23,51.71 1 0
github.com/infraLinkit/mediaplatform-datasource/src/helper/sig.go:53.23,54.53 1 0
github.com/infraLinkit/mediaplatform-datasource/src/helper/sig.go:56.23,57.53 1 0
github.com/infraLinkit/mediaplatform-datasource/src/helper/sig.go:61.2,75.21 8 0
github.com/infraLinkit/mediaplatform-datasource/src/helper/utils.go:22.54,26.27 2 9
github.com/infraLinkit/mediaplatform-datasource/src/helper/utils.go:26.27,28.3 1 31
github.com/infraLinkit/mediaplatform-datasource/src/helper/utils.go:30.2,31.10 2 9
github.com/infraLinkit/mediaplatform-datasource/src/helper/utils.go:34.62,63.2 3 1
github.com/infraLinkit/mediaplatform-datasource/src/helper/utils.go:65.63,70.2 3 1
github.com/infraLinkit/mediaplatform-datasource/src/helper/utils.go:72.83,77.2 3 0
github.com/infraLinkit/mediaplatform-datasource/src/helper/utils.go:79.82,84.2 3 0
github.com/infraLinkit/mediaplatform-datasource/src/helper/utils.go:86.43,90.30 2 0
github.com/infraLinkit/mediaplatform-datasource/src/helper/utils.go:90.30,92.3 1 0
github.com/infraLinkit/mediaplatform-datasource/src/helper/utils.go:94.2,94.20 1 0
github.com/infraLinkit/mediaplatform-datasource/src/helper/utils.go:97.62,103.2 3 0
github.com/infraLinkit/mediaplatform-datasource/src/helper/utils.go:105.43,112.2 4 0
github.com/infraLinkit/mediaplatform-datasource/src/helper/utils.go:114.42,120.2 3 0
github.com/infraLinkit/mediaplatform-datasource/src/helper/utils.go:122.40,126.38 2 0
github.com/infraLinkit/mediaplatform-datasource/src/helper/utils.go:126.38,129.30 1 0
github.com/infraLinkit/mediaplatform-datasource/src/helper/utils.go:129.30,130.25 1 0
github.com/infraLinkit/mediaplatform-datasource/src/helper/utils.go:130.25,132.17 1 0
github.com/infraLinkit/mediaplatform-datasource/src/helper/utils.go:132.17,134.11 2 0
github.com/infraLinkit/mediaplatform-datasource/src/helper/utils.go:137.4,137.9 1 0
github.com/infraLinkit/mediaplatform-datasource/src/helper/utils.go:141.2,141.14 1 0
github.com/infraLinkit/mediaplatform-datasource/src/helper/utils.go:141.14,142.39 1 0
github.com/infraLinkit/mediaplatform-datasource/src/helper/utils.go:142.39,145.30 1 0
github.com/infraLinkit/mediaplatform-datasource/src/helper/utils.go:145.30,146.26 1 0
github.com/infraLinkit/mediaplatform-datasource/src/helper/utils.go:146.26,148.18 1 0
github.com/infraLinkit/mediaplatform-datasource/src/helper/utils.go:148.18,150.12 2 0
github.com/infraLinkit/mediaplatform-datasource/src/helper/utils.go:153.5,153.10 1 0
github.com/infraLinkit/mediaplatform-datasource/src/helper/utils.go:158.2,158.14 1 0
github.com/infraLinkit/mediaplatform-datasource/src/helper/utils.go:158.14,159.39 1 0
github.com/infraLinkit/mediaplatform-datasource/src/helper/utils.go:159.39,162.24 1 0
github.com/infraLinkit/mediaplatform-datasource/src/helper/utils.go:162.24,163.26 1 0
github.com/infraLinkit/mediaplatform-datasource/src/helper/utils.go:163.26,165.18 1 0
github.com/infraLinkit/mediaplatform-datasource/src/helper/utils.go:165.18,167.12 2 0
github.com/infraLinkit/mediaplatform-datasource/src/helper/utils.go:170.5,170.10 1 0
github.com/infraLinkit/mediaplatform-datasource/src/helper/utils.go:175.2,175.14 1 0
github.com/infraLinkit/mediaplatform-datasource/src/helper/utils.go:175.14,177.3 1 0
github.com/infraLinkit/mediaplatform-datasource/src/helper/utils.go:179.2,179.11 1 0
github.com/infraLinkit/mediaplatform-datasource/src/helper/utils.go:183.34,185.13 2 16
github.com/infraLinkit/mediaplatform-datasource/src/helper/utils.go:185.13,187.3 1 1
github.com/infraLinkit/mediaplatform-datasource/src/helper/utils.go:188.2,188.16 1 15
github.com/infraLinkit/mediaplatform-datasource/src/helper/utils.go:189.18,190.24 1 14
github.com/infraLinkit/mediaplatform-datasource/src/helper/utils.go:191.10,192.82 1 1
github.com/infraLinkit/mediaplatform-datasource/src/helper/utils.go:196.48,198.16 2 9
github.com/infraLinkit/mediaplatform-datasource/src/helper/utils.go:198.16,200.3 1 2
github.com/infraLinkit/mediaplatform-datasource/src/helper/utils.go:201.2,202.16 2 7
github.com/infraLinkit/mediaplatform-datasource/src/helper/utils.go:202.16,204.3 1 0
github.com/infraLinkit/mediaplatform-datasource/src/helper/utils.go:205.2,206.16 2 7
github.com/infraLinkit/mediaplatform-datasource/src/helper/utils.go:206.16,208.3 1 0
github.com/infraLinkit/mediaplatform-datasource/src/helper/utils.go:209.2,210.44 2 7
github.com/infraLinkit/mediaplatform-datasource/src/helper/utils.go:210.44,212.3 1 0
github.com/infraLinkit/mediaplatform-datasource/src/helper/utils.go:213.2,214.51 2 7
github.com/infraLinkit/mediaplatform-datasource/src/helper/utils.go:217.49,219.16 2 7
github.com/infraLinkit/mediaplatform-datasource/src/helper/utils.go:219.16,221.3 1 0
github.com/infraLinkit/mediaplatform-datasource/src/helper/utils.go:222.2,223.16 2 7
github.com/infraLinkit/mediaplatform-datasource/src/helper/utils.go:223.16,225.3 1 1
github.com/infraLinkit/mediaplatform-datasource/src/helper/utils.go:226.2,227.16 2 6
github.com/infraLinkit/mediaplatform-datasource/src/helper/utils.go:227.16,229.3 1 0
github.com/infraLinkit/mediaplatform-datasource/src/helper/utils.go:230.2,231.16 2 6
github.com/infraLinkit/mediaplatform-datasource/src/helper/utils.go:231.16,233.3 1 0
github.com/infraLinkit/mediaplatform-datasource/src/helper/utils.go:234.2,235.19 2 6
github.com/infraLinkit/mediaplatform-datasource/src/helper/utils.go:235.19,237.3 1 1
github.com/infraLinkit/mediaplatform-datasource/src/helper/utils.go:238.2,240.16 3 5
github.com/infraLinkit/mediaplatform-datasource/src/helper/utils.go:240.16,242.3 1 1
github.com/infraLinkit/mediaplatform-datasource/src/helper/utils.go:243.2,243.24 1 4
github.com/infraLinkit/mediaplatform-datasource/src/helper/utils.go:246.36,250.16 2 0
github.com/infraLinkit/mediaplatform-datasource/src/helper/utils.go:250.16,251.13 1 0
github.com/infraLinkit/mediaplatform-datasource/src/helper/utils.go:253.2,258.16 4 0
github.com/infraLinkit/mediaplatform-datasource/src/helper/utils.go:258.16,259.13 1 0
github.com/infraLinkit/mediaplatform-datasource/src/helper/utils.go:261.2,269.16 5 0
github.com/infraLinkit/mediaplatform-datasource/src/helper/utils.go:269.16,270.13 1 0
github.com/infraLinkit/mediaplatform-datasource/src/helper/utils.go:274.2,276.12 2 0
github.com/infraLinkit/mediaplatform-datasource/src/helper/utils.go:279.66,282.2 2 0
github.com/infraLinkit/mediaplatform-datasource/src/helper/utils.go:284.68,288.18 2 0
github.com/infraLinkit/mediaplatform-datasource/src/helper/utils.go:288.18,290.3 1 0
github.com/infraLinkit/mediaplatform-datasource/src/helper/utils.go:292.2,295.16 3 0
github.com/infraLinkit/mediaplatform-datasource/src/helper/utils.go:295.16,297.3 1 0
github.com/infraLinkit/mediaplatform-datasource/src/helper/utils.go:299.2,305.3 1 0
github.com/infraLinkit/mediaplatform-datasource/src/helper/utils.go:308.53,309.29 1 3
github.com/infraLinkit/mediaplatform-datasource/src/helper/utils.go:309.29,310.18 1 8
github.com/infraLinkit/mediaplatform-datasource/src/helper/utils.go:310.18,312.4 1 1
github.com/infraLinkit/mediaplatform-datasource/src/helper/utils.go:314.2,314.14 1 2
github.com/infraLinkit/mediaplatform-datasource/src/helper/utils.go:317.57,319.47 2 0
github.com/infraLinkit/mediaplatform-datasource/src/helper/utils.go:319.47,321.3 1 0
github.com/infraLinkit/mediaplatform-datasource/src/helper/utils.go:323.2,324.16 2 0
github.com/infraLinkit/mediaplatform-datasource/src/helper/utils.go:324.16,326.3 1 0
github.com/infraLinkit/mediaplatform-datasource/src/helper/utils.go:327.2,329.57 2 0
github.com/infraLinkit/mediaplatform-datasource/src/helper/utils.go:329.57,331.3 1 0
github.com/infraLinkit/mediaplatform-datasource/src/helper/utils.go:333.2,333.17 1 0
github.com/infraLinkit/mediaplatform-datasource/src/helper/utils.go:336.48,337.17 1 0
github.com/infraLinkit/mediaplatform-datasource/src/helper/utils.go:338.19,339.31 1 0
github.com/infraLinkit/mediaplatform-datasource/src/helper/utils.go:340.18,341.30 1 0
github.com/infraLinkit/mediaplatform-datasource/src/helper/utils.go:342.19,343.31 1 0
github.com/infraLinkit/mediaplatform-datasource/src/helper/utils.go:344.19,345.31 1 0
github.com/infraLinkit/mediaplatform-datasource/src/helper/utils.go:346.19,347.31 1 0
github.com/infraLinkit/mediaplatform-datasource/src/helper/utils.go:348.19,349.31 1 0
github.com/infraLinkit/mediaplatform-datasource/src/helper/utils.go:350.19,351.31 1 0
github.com/infraLinkit/mediaplatform-datasource/src/helper/utils.go:352.19,353.31 1 0
github.com/infraLinkit/mediaplatform-datasource/src/helper/utils.go:354.10,355.27 1 0
github.com/infraLinkit/mediaplatform-datasource/src/helper/utils.go:359.48,375.39 3 0
github.com/infraLinkit/mediaplatform-datasource/src/helper/utils.go:375.39,377.3 1 0
github.com/infraLinkit/mediaplatform-datasource/src/helper/utils.go:379.2,420.39 2 0
github.com/infraLinkit/mediaplatform-datasource/src/helper/utils.go:420.39,422.3 1 0
github.com/infraLinkit/mediaplatform-datasource/src/helper/utils.go:424.2,424.23 1 0
github.com/infraLinkit/mediaplatform-datasource/src/helper/utils.go:424.23,426.3 1 0
github.com/infraLinkit/mediaplatform-datasource/src/helper/utils.go:428.2,428.23 1 0
github.com/infraLinkit/mediaplatform-datasource/src/helper/utils.go:428.23,430.3 1 0
github.com/infraLinkit/mediaplatform-datasource/src/helper/utils.go:432.2,432.16 1 0
github.com/infraLinkit/mediaplatform-datasource/src/helper/utils.go:469.45,471.30 2 0
github.com/infraLinkit/mediaplatform-datasource/src/helper/utils.go:471.30,473.3 1 0
github.com/infraLinkit/mediaplatform-datasource/src/helper/utils.go:474.2,474.43 1 0
github.com/infraLinkit/mediaplatform-datasource/src/helper/utils.go:474.43,476.3 1 0
github.com/infraLinkit/mediaplatform-datasource/src/helper/utils.go:478.2,478.16 1 0
